\BOOKMARK [0][-]{section*.1}{\376\377\116\055\145\207\144\130\211\201}{}% 1
\BOOKMARK [0][-]{section*.2}{\376\377\000A\000B\000S\000T\000R\000A\000C\000T}{}% 2
\BOOKMARK [0][-]{section*.3}{\376\377\212\214\213\035}{}% 3
\BOOKMARK [0][-]{section*.4}{\376\377\166\356\223\004}{}% 4
\BOOKMARK [0][-]{section*.6}{\376\377\127\026\166\356\223\004}{}% 5
\BOOKMARK [0][-]{section*.8}{\376\377\210\150\166\356\223\004}{}% 6
\BOOKMARK [0][-]{chapter*.11}{\376\377\173\046\206\137\212\252\146\016}{}% 7
\BOOKMARK [0][-]{chapter.1}{\376\377\175\322\212\326}{}% 8
\BOOKMARK [1][-]{section.1.1}{\376\377\170\024\172\166\200\314\146\157\202\007\122\325\152\137}{chapter.1}% 9
\BOOKMARK [1][-]{section.1.2}{\376\377\170\024\172\166\166\356\152\031}{chapter.1}% 10
\BOOKMARK [1][-]{section.1.3}{\376\377\170\024\172\166\145\271\154\325\151\202\217\360}{chapter.1}% 11
\BOOKMARK [1][-]{section.1.4}{\376\377\170\024\172\166\214\242\163\173}{chapter.1}% 12
\BOOKMARK [1][-]{section.1.5}{\376\377\147\054\212\326\145\207\116\113\172\340\173\300\175\120\151\313}{chapter.1}% 13
\BOOKMARK [0][-]{chapter.2}{\376\377\145\207\163\173\143\242\212\016}{}% 14
\BOOKMARK [1][-]{section.2.1}{\376\377\121\115\214\273\220\112\142\062\202\010\215\167}{chapter.2}% 15
\BOOKMARK [1][-]{section.2.2}{\376\377\214\307\145\231\122\115\206\125\164\006}{chapter.2}% 16
\BOOKMARK [1][-]{section.2.3}{\376\377\133\170\177\322\152\041\127\213\220\170\144\307}{chapter.2}% 17
\BOOKMARK [1][-]{section.2.4}{\376\377\214\307\145\231\116\015\136\163\210\141\206\125\164\006\123\312\121\166\212\125\117\060\145\271\137\017}{chapter.2}% 18
\BOOKMARK [0][-]{chapter.3}{\376\377\170\024\172\166\145\271\154\325}{}% 19
\BOOKMARK [1][-]{section.3.1}{\376\377\214\307\145\231\122\115\206\125\164\006\226\216\153\265}{chapter.3}% 20
\BOOKMARK [2][-]{subsection.3.1.1}{\376\377\145\164\124\010\214\307\145\231}{section.3.1}% 21
\BOOKMARK [2][-]{subsection.3.1.2}{\376\377\214\307\145\231\220\116\157\376}{section.3.1}% 22
\BOOKMARK [3][-]{subsubsection.3.1.2.1}{\376\377\122\052\226\144\172\172\177\072\120\074}{subsection.3.1.2}% 23
\BOOKMARK [3][-]{subsubsection.3.1.2.2}{\376\377\161\041\120\371\120\074\163\251\133\266\214\307\145\231\206\125\164\006}{subsection.3.1.2}% 24
\BOOKMARK [2][-]{subsection.3.1.3}{\376\377\166\356\152\031\120\074\156\226\120\231}{section.3.1}% 25
\BOOKMARK [2][-]{subsection.3.1.4}{\376\377\136\372\172\313\214\307\145\231\162\171\137\265}{section.3.1}% 26
\BOOKMARK [1][-]{section.3.2}{\376\377\214\307\145\231\122\006\147\220\226\216\153\265}{chapter.3}% 27
\BOOKMARK [2][-]{subsection.3.2.1}{\376\377\143\242\175\042\140\047\214\307\145\231\122\006\147\220}{section.3.2}% 28
\BOOKMARK [3][-]{subsubsection.3.2.1.1}{\376\377\232\330\214\307\212\012\221\317\116\113\214\307\145\231\162\171\137\265}{subsection.3.2.1}% 29
\BOOKMARK [1][-]{section.3.3}{\376\377\152\137\126\150\133\170\177\322\226\216\153\265}{chapter.3}% 30
\BOOKMARK [2][-]{subsection.3.3.1}{\376\377\122\006\122\162\212\023\175\364\202\007\156\054\212\146\214\307\145\231\226\306}{section.3.3}% 31
\BOOKMARK [2][-]{subsection.3.3.2}{\376\377\133\170\177\322\152\041\127\213\220\170\144\307}{section.3.3}% 32
\BOOKMARK [2][-]{subsection.3.3.3}{\376\377\116\015\136\163\210\141\214\307\145\231\153\012\221\315\212\277\145\164}{section.3.3}% 33
\BOOKMARK [2][-]{subsection.3.3.4}{\376\377\144\034\134\013\147\000\117\163\123\303\145\170\211\343}{section.3.3}% 34
\BOOKMARK [3][-]{subsubsection.3.3.4.1}{\376\377\152\041\127\213\123\303\145\170}{subsection.3.3.4}% 35
\BOOKMARK [3][-]{subsubsection.3.3.4.2}{\376\377\175\262\150\074\144\034\175\042\202\007\116\244\123\311\232\127\213\111}{subsection.3.3.4}% 36
\BOOKMARK [2][-]{subsection.3.3.5}{\376\377\212\125\117\060\232\127\213\111\147\000\117\163\152\041\127\213}{section.3.3}% 37
\BOOKMARK [1][-]{section.3.4}{\376\377\230\020\156\054\175\120\147\234\122\006\147\220\226\216\153\265}{chapter.3}% 38
\BOOKMARK [2][-]{subsection.3.4.1}{\376\377\214\307\145\231\162\171\137\265\221\315\211\201\140\047\122\006\147\220}{section.3.4}% 39
\BOOKMARK [1][-]{section.3.5}{\376\377\165\042\151\155\141\311\165\050\122\006\147\220\226\216\153\265}{chapter.3}% 40
\BOOKMARK [2][-]{subsection.3.5.1}{\376\377\116\343\164\006\116\272\152\041\127\213}{section.3.5}% 41
\BOOKMARK [0][-]{chapter.4}{\376\377\133\346\232\127\175\120\147\234\202\007\122\006\147\220}{}% 42
\BOOKMARK [1][-]{section.4.1}{\376\377\133\346\232\127\174\373\175\161\147\266\151\313}{chapter.4}% 43
\BOOKMARK [1][-]{section.4.2}{\376\377\214\307\145\231\122\115\206\125\164\006\212\125\117\060}{chapter.4}% 44
\BOOKMARK [2][-]{subsection.4.2.1}{\376\377\230\020\156\054\123\327\167\076\212\125\117\060}{section.4.2}% 45
\BOOKMARK [2][-]{subsection.4.2.2}{\376\377\230\020\156\054\162\171\137\265\212\125\117\060}{section.4.2}% 46
\BOOKMARK [1][-]{section.4.3}{\376\377\214\307\145\231\122\006\147\220\212\125\117\060}{chapter.4}% 47
\BOOKMARK [2][-]{subsection.4.3.1}{\376\377\143\242\175\042\140\047\214\307\145\231\122\006\147\220\212\125\117\060}{section.4.3}% 48
\BOOKMARK [1][-]{section.4.4}{\376\377\152\137\126\150\133\170\177\322\212\125\117\060}{chapter.4}% 49
\BOOKMARK [2][-]{subsection.4.4.1}{\376\377\122\006\122\162\212\023\175\364\202\007\156\054\212\146\214\307\145\231\226\306\212\125\117\060}{section.4.4}% 50
\BOOKMARK [2][-]{subsection.4.4.2}{\376\377\214\307\145\231\116\015\136\163\210\141\206\125\164\006\212\125\117\060}{section.4.4}% 51
\BOOKMARK [2][-]{subsection.4.4.3}{\376\377\147\000\117\163\152\041\127\213\212\125\117\060}{section.4.4}% 52
\BOOKMARK [2][-]{subsection.4.4.4}{\376\377\146\102\225\223\150\106\147\266\212\125\117\060}{section.4.4}% 53
\BOOKMARK [1][-]{section.4.5}{\376\377\230\020\156\054\175\120\147\234\122\006\147\220\212\125\117\060}{chapter.4}% 54
\BOOKMARK [2][-]{subsection.4.5.1}{\376\377\214\307\145\231\162\171\137\265\221\315\211\201\140\047\212\125\117\060}{section.4.5}% 55
\BOOKMARK [1][-]{section.4.6}{\376\377\165\042\151\155\141\311\165\050\122\006\147\220\212\125\117\060}{chapter.4}% 56
\BOOKMARK [2][-]{subsection.4.6.1}{\376\377\116\343\164\006\116\272\152\041\127\213\212\125\117\060}{section.4.6}% 57
\BOOKMARK [0][-]{chapter.5}{\376\377\175\120\212\326\202\007\147\052\117\206\170\024\172\166}{}% 58
\BOOKMARK [1][-]{section.5.1}{\376\377\175\120\212\326}{chapter.5}% 59
\BOOKMARK [1][-]{section.5.2}{\376\377\147\052\117\206\170\024\172\166}{chapter.5}% 60
\BOOKMARK [0][-]{section*.12}{\376\377\123\303\200\003\145\207\163\173}{}% 61
