This is XeTeX, Version 3.14159265-2.6-0.99999 (MiKTeX 2.9.6840 64-bit) (preloaded format=xelatex 2018.12.20)  26 JUN 2019 16:27
entering extended mode
**./introduction.tex
(introduction.tex
LaTeX2e <2018-12-01>
! Undefined control sequence.
l.3 \chapter
            {緒論}
The control sequence at the end of the top line
of your error message was never \def'ed. If you have
misspelled it (e.g., `\hobx'), type `I' and the correct
spelling (e.g., `I\hbox'). Otherwise just continue,
and I'll forget about whatever was undefined.


! LaTeX Error: Missing \begin{document}.

See the LaTeX manual or LaTeX Companion for explanation.
Type  H <return>  for immediate help.
 ...                                              
                                                  
l.3 \chapter{緒
              論}
You're in trouble here.  Try typing  <return>  to proceed.
If that doesn't work, type  X <return>  to quit.

Missing character: There is no 緒 in font nullfont!
Missing character: There is no 論 in font nullfont!

Overfull \hbox (20.0pt too wide) in paragraph at lines 3--5
[]
 []

! Undefined control sequence.
l.6 \section
            {研究背景與動機}
The control sequence at the end of the top line
of your error message was never \def'ed. If you have
misspelled it (e.g., `\hobx'), type `I' and the correct
spelling (e.g., `I\hbox'). Otherwise just continue,
and I'll forget about whatever was undefined.


! LaTeX Error: Missing \begin{document}.

See the LaTeX manual or LaTeX Companion for explanation.
Type  H <return>  for immediate help.
 ...                                              
                                                  
l.6 \section{研
              究背景與動機}
You're in trouble here.  Try typing  <return>  to proceed.
If that doesn't work, type  X <return>  to quit.

Missing character: There is no 研 in font nullfont!
Missing character: There is no 究 in font nullfont!
Missing character: There is no 背 in font nullfont!
Missing character: There is no 景 in font nullfont!
Missing character: There is no 與 in font nullfont!
Missing character: There is no 動 in font nullfont!
Missing character: There is no 機 in font nullfont!

Overfull \hbox (20.0pt too wide) in paragraph at lines 6--7
[] 
 []


! LaTeX Error: Missing \begin{document}.

See the LaTeX manual or LaTeX Companion for explanation.
Type  H <return>  for immediate help.
 ...                                              
                                                  
l.8 三
     消遊戲（Match-three Game）為解謎遊戲的一種，因為規則簡單、操作容易，無論是單獨作為一款遊戲，亦或是與其他類型的遊戲結合，都受到...

You're in trouble here.  Try typing  <return>  to proceed.
If that doesn't work, type  X <return>  to quit.

Missing character: There is no 三 in font nullfont!
Missing character: There is no 消 in font nullfont!
Missing character: There is no 遊 in font nullfont!
Missing character: There is no 戲 in font nullfont!
Missing character: There is no （ in font nullfont!
Missing character: There is no M in font nullfont!
Missing character: There is no a in font nullfont!
Missing character: There is no t in font nullfont!
Missing character: There is no c in font nullfont!
Missing character: There is no h in font nullfont!
Missing character: There is no - in font nullfont!
Missing character: There is no t in font nullfont!
Missing character: There is no h in font nullfont!
Missing character: There is no r in font nullfont!
Missing character: There is no e in font nullfont!
Missing character: There is no e in font nullfont!
Missing character: There is no G in font nullfont!
Missing character: There is no a in font nullfont!
Missing character: There is no m in font nullfont!
Missing character: There is no e in font nullfont!
Missing character: There is no ） in font nullfont!
Missing character: There is no 為 in font nullfont!
Missing character: There is no 解 in font nullfont!
Missing character: There is no 謎 in font nullfont!
Missing character: There is no 遊 in font nullfont!
Missing character: There is no 戲 in font nullfont!
Missing character: There is no 的 in font nullfont!
Missing character: There is no 一 in font nullfont!
Missing character: There is no 種 in font nullfont!
Missing character: There is no ， in font nullfont!
Missing character: There is no 因 in font nullfont!
Missing character: There is no 為 in font nullfont!
Missing character: There is no 規 in font nullfont!
Missing character: There is no 則 in font nullfont!
Missing character: There is no 簡 in font nullfont!
Missing character: There is no 單 in font nullfont!
Missing character: There is no 、 in font nullfont!
Missing character: There is no 操 in font nullfont!
Missing character: There is no 作 in font nullfont!
Missing character: There is no 容 in font nullfont!
Missing character: There is no 易 in font nullfont!
Missing character: There is no ， in font nullfont!
Missing character: There is no 無 in font nullfont!
Missing character: There is no 論 in font nullfont!
Missing character: There is no 是 in font nullfont!
Missing character: There is no 單 in font nullfont!
Missing character: There is no 獨 in font nullfont!
Missing character: There is no 作 in font nullfont!
Missing character: There is no 為 in font nullfont!
Missing character: There is no 一 in font nullfont!
Missing character: There is no 款 in font nullfont!
Missing character: There is no 遊 in font nullfont!
Missing character: There is no 戲 in font nullfont!
Missing character: There is no ， in font nullfont!
Missing character: There is no 亦 in font nullfont!
Missing character: There is no 或 in font nullfont!
Missing character: There is no 是 in font nullfont!
Missing character: There is no 與 in font nullfont!
Missing character: There is no 其 in font nullfont!
Missing character: There is no 他 in font nullfont!
Missing character: There is no 類 in font nullfont!
Missing character: There is no 型 in font nullfont!
Missing character: There is no 的 in font nullfont!
Missing character: There is no 遊 in font nullfont!
Missing character: There is no 戲 in font nullfont!
Missing character: There is no 結 in font nullfont!
Missing character: There is no 合 in font nullfont!
Missing character: There is no ， in font nullfont!
Missing character: There is no 都 in font nullfont!
Missing character: There is no 受 in font nullfont!
Missing character: There is no 到 in font nullfont!
Missing character: There is no 眾 in font nullfont!
Missing character: There is no 多 in font nullfont!
Missing character: There is no 玩 in font nullfont!
Missing character: There is no 家 in font nullfont!
Missing character: There is no 歡 in font nullfont!
Missing character: There is no 迎 in font nullfont!
Missing character: There is no 。 in font nullfont!
Missing character: There is no 而 in font nullfont!
Missing character: There is no 為 in font nullfont!
Missing character: There is no 了 in font nullfont!
Missing character: There is no 能 in font nullfont!
Missing character: There is no 持 in font nullfont!
Missing character: There is no 續 in font nullfont!
Missing character: There is no 帶 in font nullfont!
Missing character: There is no 給 in font nullfont!
Missing character: There is no 玩 in font nullfont!
Missing character: There is no 家 in font nullfont!
Missing character: There is no 不 in font nullfont!
Missing character: There is no 同 in font nullfont!
Missing character: There is no 的 in font nullfont!
Missing character: There is no 遊 in font nullfont!
Missing character: There is no 玩 in font nullfont!
Missing character: There is no 體 in font nullfont!
Missing character: There is no 驗 in font nullfont!
Missing character: There is no ， in font nullfont!
Missing character: There is no 新 in font nullfont!
Missing character: There is no 增 in font nullfont!
Missing character: There is no 遊 in font nullfont!
Missing character: There is no 戲 in font nullfont!
Missing character: There is no 元 in font nullfont!
Missing character: There is no 素 in font nullfont!
Missing character: There is no 成 in font nullfont!
Missing character: There is no 為 in font nullfont!
Missing character: There is no 關 in font nullfont!
Missing character: There is no 卡 in font nullfont!
Missing character: There is no 設 in font nullfont!
Missing character: There is no 計 in font nullfont!
Missing character: There is no 師 in font nullfont!
Missing character: There is no 的 in font nullfont!
Missing character: There is no 愛 in font nullfont!
Missing character: There is no 用 in font nullfont!
Missing character: There is no 手 in font nullfont!
Missing character: There is no 段 in font nullfont!
Missing character: There is no ， in font nullfont!
Missing character: There is no 遊 in font nullfont!
Missing character: There is no 戲 in font nullfont!
Missing character: There is no 中 in font nullfont!
Missing character: There is no 後 in font nullfont!
Missing character: There is no 期 in font nullfont!
Missing character: There is no 的 in font nullfont!
Missing character: There is no 關 in font nullfont!
Missing character: There is no 卡 in font nullfont!
Missing character: There is no 也 in font nullfont!
Missing character: There is no 通 in font nullfont!
Missing character: There is no 常 in font nullfont!
Missing character: There is no 是 in font nullfont!
Missing character: There is no 由 in font nullfont!
Missing character: There is no 多 in font nullfont!
Missing character: There is no 種 in font nullfont!
Missing character: There is no 遊 in font nullfont!
Missing character: There is no 戲 in font nullfont!
Missing character: There is no 元 in font nullfont!
Missing character: There is no 素 in font nullfont!
Missing character: There is no 組 in font nullfont!
Missing character: There is no 合 in font nullfont!
Missing character: There is no 而 in font nullfont!
Missing character: There is no 成 in font nullfont!
Missing character: There is no 。 in font nullfont!
Missing character: There is no 當 in font nullfont!
Missing character: There is no 組 in font nullfont!
Missing character: There is no 合 in font nullfont!
Missing character: There is no 用 in font nullfont!
Missing character: There is no 盡 in font nullfont!
Missing character: There is no ， in font nullfont!
Missing character: There is no 則 in font nullfont!
Missing character: There is no 再 in font nullfont!
Missing character: There is no 設 in font nullfont!
Missing character: There is no 計 in font nullfont!
Missing character: There is no 新 in font nullfont!
Missing character: There is no 元 in font nullfont!
Missing character: There is no 素 in font nullfont!
Missing character: There is no 創 in font nullfont!
Missing character: There is no 建 in font nullfont!
Missing character: There is no 更 in font nullfont!
Missing character: There is no 多 in font nullfont!
Missing character: There is no 組 in font nullfont!
Missing character: There is no 合 in font nullfont!
Missing character: There is no ， in font nullfont!
Missing character: There is no 依 in font nullfont!
Missing character: There is no 此 in font nullfont!
Missing character: There is no 方 in font nullfont!
Missing character: There is no 式 in font nullfont!
Missing character: There is no 來 in font nullfont!
Missing character: There is no 維 in font nullfont!
Missing character: There is no 持 in font nullfont!
Missing character: There is no 新 in font nullfont!
Missing character: There is no 關 in font nullfont!
Missing character: There is no 卡 in font nullfont!
Missing character: There is no 的 in font nullfont!
Missing character: There is no 生 in font nullfont!
Missing character: There is no 成 in font nullfont!
Missing character: There is no ， in font nullfont!
Missing character: There is no 並 in font nullfont!
Missing character: There is no 增 in font nullfont!
Missing character: There is no 加 in font nullfont!
Missing character: There is no 遊 in font nullfont!
Missing character: There is no 戲 in font nullfont!
Missing character: There is no 難 in font nullfont!
Missing character: There is no 度 in font nullfont!
Missing character: There is no 。 in font nullfont!
Missing character: There is no 然 in font nullfont!
Missing character: There is no 而 in font nullfont!
Missing character: There is no ， in font nullfont!
Missing character: There is no 這 in font nullfont!
Missing character: There is no 樣 in font nullfont!
Missing character: There is no 的 in font nullfont!
Missing character: There is no 做 in font nullfont!
Missing character: There is no 法 in font nullfont!
Missing character: There is no 將 in font nullfont!
Missing character: There is no 使 in font nullfont!
Missing character: There is no 關 in font nullfont!
Missing character: There is no 卡 in font nullfont!
Missing character: There is no 逐 in font nullfont!
Missing character: There is no 漸 in font nullfont!
Missing character: There is no 變 in font nullfont!
Missing character: There is no 得 in font nullfont!
Missing character: There is no 複 in font nullfont!
Missing character: There is no 雜 in font nullfont!
Missing character: There is no 難 in font nullfont!
Missing character: There is no 解 in font nullfont!
Missing character: There is no ， in font nullfont!
Missing character: There is no 不 in font nullfont!
Missing character: There is no 但 in font nullfont!
Missing character: There is no 容 in font nullfont!
Missing character: There is no 易 in font nullfont!
Missing character: There is no 降 in font nullfont!
Missing character: There is no 低 in font nullfont!
Missing character: There is no 玩 in font nullfont!
Missing character: There is no 家 in font nullfont!
Missing character: There is no 的 in font nullfont!
Missing character: There is no 熱 in font nullfont!
Missing character: There is no 情 in font nullfont!
Missing character: There is no ， in font nullfont!
Missing character: There is no 也 in font nullfont!
Missing character: There is no 增 in font nullfont!
Missing character: There is no 加 in font nullfont!
Missing character: There is no 了 in font nullfont!
Missing character: There is no 厭 in font nullfont!
Missing character: There is no 倦 in font nullfont!
Missing character: There is no 及 in font nullfont!
Missing character: There is no 挫 in font nullfont!
Missing character: There is no 敗 in font nullfont!
Missing character: There is no 感 in font nullfont!
Missing character: There is no 。 in font nullfont!

Overfull \hbox (20.0pt too wide) in paragraph at lines 8--9
[]
 []


! LaTeX Error: Missing \begin{document}.

See the LaTeX manual or LaTeX Companion for explanation.
Type  H <return>  for immediate help.
 ...                                              
                                                  
l.10 在
      Farming類型的三消遊戲中，玩家必須將三個相同類型的棋子（Tile）配對消除來達成關卡目標，當棋子被消除，系統會立即隨機生成不同類型的棋...

You're in trouble here.  Try typing  <return>  to proceed.
If that doesn't work, type  X <return>  to quit.

Missing character: There is no 在 in font nullfont!
Missing character: There is no F in font nullfont!
Missing character: There is no a in font nullfont!
Missing character: There is no r in font nullfont!
Missing character: There is no m in font nullfont!
Missing character: There is no i in font nullfont!
Missing character: There is no n in font nullfont!
Missing character: There is no g in font nullfont!
Missing character: There is no 類 in font nullfont!
Missing character: There is no 型 in font nullfont!
Missing character: There is no 的 in font nullfont!
Missing character: There is no 三 in font nullfont!
Missing character: There is no 消 in font nullfont!
Missing character: There is no 遊 in font nullfont!
Missing character: There is no 戲 in font nullfont!
Missing character: There is no 中 in font nullfont!
Missing character: There is no ， in font nullfont!
Missing character: There is no 玩 in font nullfont!
Missing character: There is no 家 in font nullfont!
Missing character: There is no 必 in font nullfont!
Missing character: There is no 須 in font nullfont!
Missing character: There is no 將 in font nullfont!
Missing character: There is no 三 in font nullfont!
Missing character: There is no 個 in font nullfont!
Missing character: There is no 相 in font nullfont!
Missing character: There is no 同 in font nullfont!
Missing character: There is no 類 in font nullfont!
Missing character: There is no 型 in font nullfont!
Missing character: There is no 的 in font nullfont!
Missing character: There is no 棋 in font nullfont!
Missing character: There is no 子 in font nullfont!
Missing character: There is no （ in font nullfont!
Missing character: There is no T in font nullfont!
Missing character: There is no i in font nullfont!
Missing character: There is no l in font nullfont!
Missing character: There is no e in font nullfont!
Missing character: There is no ） in font nullfont!
Missing character: There is no 配 in font nullfont!
Missing character: There is no 對 in font nullfont!
Missing character: There is no 消 in font nullfont!
Missing character: There is no 除 in font nullfont!
Missing character: There is no 來 in font nullfont!
Missing character: There is no 達 in font nullfont!
Missing character: There is no 成 in font nullfont!
Missing character: There is no 關 in font nullfont!
Missing character: There is no 卡 in font nullfont!
Missing character: There is no 目 in font nullfont!
Missing character: There is no 標 in font nullfont!
Missing character: There is no ， in font nullfont!
Missing character: There is no 當 in font nullfont!
Missing character: There is no 棋 in font nullfont!
Missing character: There is no 子 in font nullfont!
Missing character: There is no 被 in font nullfont!
Missing character: There is no 消 in font nullfont!
Missing character: There is no 除 in font nullfont!
Missing character: There is no ， in font nullfont!
Missing character: There is no 系 in font nullfont!
Missing character: There is no 統 in font nullfont!
Missing character: There is no 會 in font nullfont!
Missing character: There is no 立 in font nullfont!
Missing character: There is no 即 in font nullfont!
Missing character: There is no 隨 in font nullfont!
Missing character: There is no 機 in font nullfont!
Missing character: There is no 生 in font nullfont!
Missing character: There is no 成 in font nullfont!
Missing character: There is no 不 in font nullfont!
Missing character: There is no 同 in font nullfont!
Missing character: There is no 類 in font nullfont!
Missing character: There is no 型 in font nullfont!
Missing character: There is no 的 in font nullfont!
Missing character: There is no 棋 in font nullfont!
Missing character: There is no 子 in font nullfont!
Missing character: There is no 來 in font nullfont!
Missing character: There is no 補 in font nullfont!
Missing character: There is no 滿 in font nullfont!
Missing character: There is no 盤 in font nullfont!
Missing character: There is no 面 in font nullfont!
Missing character: There is no （ in font nullfont!
Missing character: There is no G in font nullfont!
Missing character: There is no r in font nullfont!
Missing character: There is no i in font nullfont!
Missing character: There is no d in font nullfont!
Missing character: There is no ） in font nullfont!
Missing character: There is no 的 in font nullfont!
Missing character: There is no 空 in font nullfont!
Missing character: There is no 單 in font nullfont!
Missing character: There is no 元 in font nullfont!
Missing character: There is no 格 in font nullfont!
Missing character: There is no （ in font nullfont!
Missing character: There is no C in font nullfont!
Missing character: There is no e in font nullfont!
Missing character: There is no l in font nullfont!
Missing character: There is no l in font nullfont!
Missing character: There is no ） in font nullfont!
Missing character: There is no ， in font nullfont!
Missing character: There is no 而 in font nullfont!
Missing character: There is no 這 in font nullfont!
Missing character: There is no 種 in font nullfont!
Missing character: There is no 隨 in font nullfont!
Missing character: There is no 機 in font nullfont!
Missing character: There is no 性 in font nullfont!
Missing character: There is no 影 in font nullfont!
Missing character: There is no 響 in font nullfont!
Missing character: There is no 玩 in font nullfont!
Missing character: There is no 家 in font nullfont!
Missing character: There is no 的 in font nullfont!
Missing character: There is no 決 in font nullfont!
Missing character: There is no 策 in font nullfont!
Missing character: There is no 與 in font nullfont!
Missing character: There is no 關 in font nullfont!
Missing character: There is no 卡 in font nullfont!
Missing character: There is no 的 in font nullfont!
Missing character: There is no 發 in font nullfont!
Missing character: There is no 展 in font nullfont!
Missing character: There is no ， in font nullfont!
Missing character: There is no 成 in font nullfont!
Missing character: There is no 為 in font nullfont!
Missing character: There is no 三 in font nullfont!
Missing character: There is no 消 in font nullfont!
Missing character: There is no 遊 in font nullfont!
Missing character: There is no 戲 in font nullfont!
Missing character: There is no 的 in font nullfont!
Missing character: There is no 一 in font nullfont!
Missing character: There is no 大 in font nullfont!
Missing character: There is no 特 in font nullfont!
Missing character: There is no 點 in font nullfont!
Missing character: There is no 。 in font nullfont!
Missing character: There is no 由 in font nullfont!
Missing character: There is no 此 in font nullfont!
Missing character: There is no 發 in font nullfont!
Missing character: There is no 想 in font nullfont!
Missing character: There is no ， in font nullfont!
Missing character: There is no 若 in font nullfont!
Missing character: There is no 能 in font nullfont!
Missing character: There is no 控 in font nullfont!
Missing character: There is no 制 in font nullfont!
Missing character: There is no 各 in font nullfont!
Missing character: There is no 類 in font nullfont!
Missing character: There is no 型 in font nullfont!
Missing character: There is no 棋 in font nullfont!
Missing character: There is no 子 in font nullfont!
Missing character: There is no 的 in font nullfont!
Missing character: There is no 生 in font nullfont!
Missing character: There is no 成 in font nullfont!
Missing character: There is no 機 in font nullfont!
Missing character: There is no 率 in font nullfont!
Missing character: There is no ， in font nullfont!
Missing character: There is no 來 in font nullfont!
Missing character: There is no 調 in font nullfont!
Missing character: There is no 整 in font nullfont!
Missing character: There is no 玩 in font nullfont!
Missing character: There is no 家 in font nullfont!
Missing character: There is no 得 in font nullfont!
Missing character: There is no 分 in font nullfont!
Missing character: There is no 或 in font nullfont!
Missing character: There is no 配 in font nullfont!
Missing character: There is no 對 in font nullfont!
Missing character: There is no 棋 in font nullfont!
Missing character: There is no 子 in font nullfont!
Missing character: There is no 的 in font nullfont!
Missing character: There is no 難 in font nullfont!
Missing character: There is no 易 in font nullfont!
Missing character: There is no 度 in font nullfont!
Missing character: There is no ， in font nullfont!
Missing character: There is no 就 in font nullfont!
Missing character: There is no 能 in font nullfont!
Missing character: There is no 控 in font nullfont!
Missing character: There is no 制 in font nullfont!
Missing character: There is no 關 in font nullfont!
Missing character: There is no 卡 in font nullfont!
Missing character: There is no 帶 in font nullfont!
Missing character: There is no 給 in font nullfont!
Missing character: There is no 玩 in font nullfont!
Missing character: There is no 家 in font nullfont!
Missing character: There is no 的 in font nullfont!
Missing character: There is no 感 in font nullfont!
Missing character: There is no 受 in font nullfont!
Missing character: There is no ； in font nullfont!
Missing character: There is no 再 in font nullfont!
Missing character: There is no 者 in font nullfont!
Missing character: There is no ， in font nullfont!
Missing character: There is no 若 in font nullfont!
Missing character: There is no 使 in font nullfont!
Missing character: There is no 各 in font nullfont!
Missing character: There is no 類 in font nullfont!
Missing character: There is no 型 in font nullfont!
Missing character: There is no 棋 in font nullfont!
Missing character: There is no 子 in font nullfont!
Missing character: There is no 的 in font nullfont!
Missing character: There is no 生 in font nullfont!
Missing character: There is no 成 in font nullfont!
Missing character: There is no 機 in font nullfont!
Missing character: There is no 率 in font nullfont!
Missing character: There is no 受 in font nullfont!
Missing character: There is no 到 in font nullfont!
Missing character: There is no 當 in font nullfont!
Missing character: There is no 下 in font nullfont!
Missing character: There is no 盤 in font nullfont!
Missing character: There is no 面 in font nullfont!
Missing character: There is no 狀 in font nullfont!
Missing character: There is no 態 in font nullfont!
Missing character: There is no 影 in font nullfont!
Missing character: There is no 響 in font nullfont!
Missing character: There is no ， in font nullfont!
Missing character: There is no 則 in font nullfont!
Missing character: There is no 能 in font nullfont!
Missing character: There is no 帶 in font nullfont!
Missing character: There is no 給 in font nullfont!
Missing character: There is no 玩 in font nullfont!
Missing character: There is no 家 in font nullfont!
Missing character: There is no 一 in font nullfont!
Missing character: There is no 種 in font nullfont!
Missing character: There is no 連 in font nullfont!
Missing character: There is no 續 in font nullfont!
Missing character: There is no 性 in font nullfont!
Missing character: There is no 的 in font nullfont!
Missing character: There is no 體 in font nullfont!
Missing character: There is no 驗 in font nullfont!
Missing character: There is no ！ in font nullfont!
Missing character: There is no 然 in font nullfont!
Missing character: There is no 而 in font nullfont!
Missing character: There is no ， in font nullfont!
Missing character: There is no 棋 in font nullfont!
Missing character: There is no 子 in font nullfont!
Missing character: There is no 生 in font nullfont!
Missing character: There is no 成 in font nullfont!
Missing character: There is no 機 in font nullfont!
Missing character: There is no 率 in font nullfont!
Missing character: There is no 的 in font nullfont!
Missing character: There is no 調 in font nullfont!
Missing character: There is no 控 in font nullfont!
Missing character: There is no 難 in font nullfont!
Missing character: There is no 以 in font nullfont!
Missing character: There is no 對 in font nullfont!
Missing character: There is no 應 in font nullfont!
Missing character: There is no 到 in font nullfont!
Missing character: There is no 玩 in font nullfont!
Missing character: There is no 家 in font nullfont!
Missing character: There is no 體 in font nullfont!
Missing character: There is no 驗 in font nullfont!
Missing character: There is no ， in font nullfont!
Missing character: There is no 使 in font nullfont!
Missing character: There is no 得 in font nullfont!
Missing character: There is no 關 in font nullfont!
Missing character: There is no 卡 in font nullfont!
Missing character: There is no 設 in font nullfont!
Missing character: There is no 計 in font nullfont!
Missing character: There is no 師 in font nullfont!
Missing character: There is no 無 in font nullfont!
Missing character: There is no 法 in font nullfont!
Missing character: There is no 直 in font nullfont!
Missing character: There is no 覺 in font nullfont!
Missing character: There is no 地 in font nullfont!
Missing character: There is no 操 in font nullfont!
Missing character: There is no 作 in font nullfont!
Missing character: There is no ， in font nullfont!
Missing character: There is no 因 in font nullfont!
Missing character: There is no 此 in font nullfont!
Missing character: There is no 設 in font nullfont!
Missing character: There is no 計 in font nullfont!
Missing character: There is no 一 in font nullfont!
Missing character: There is no 套 in font nullfont!
Missing character: There is no 盤 in font nullfont!
Missing character: There is no 面 in font nullfont!
Missing character: There is no 補 in font nullfont!
Missing character: There is no 充 in font nullfont!
Missing character: There is no 機 in font nullfont!
Missing character: There is no 制 in font nullfont!
Missing character: There is no 輔 in font nullfont!
Missing character: There is no 助 in font nullfont!
Missing character: There is no 關 in font nullfont!
Missing character: There is no 卡 in font nullfont!
Missing character: There is no 設 in font nullfont!
Missing character: There is no 計 in font nullfont!
Missing character: There is no 師 in font nullfont!
Missing character: There is no 用 in font nullfont!
Missing character: There is no 易 in font nullfont!
Missing character: There is no 於 in font nullfont!
Missing character: There is no 理 in font nullfont!
Missing character: There is no 解 in font nullfont!
Missing character: There is no 的 in font nullfont!
Missing character: There is no 抽 in font nullfont!
Missing character: There is no 象 in font nullfont!
Missing character: There is no 概 in font nullfont!
Missing character: There is no 念 in font nullfont!
Missing character: There is no 控 in font nullfont!
Missing character: There is no 制 in font nullfont!
Missing character: There is no 棋 in font nullfont!
Missing character: There is no 子 in font nullfont!
Missing character: There is no 的 in font nullfont!
Missing character: There is no 生 in font nullfont!
Missing character: There is no 成 in font nullfont!
Missing character: There is no 機 in font nullfont!
Missing character: There is no 率 in font nullfont!
Missing character: There is no ， in font nullfont!
Missing character: There is no 將 in font nullfont!
Missing character: There is no 能 in font nullfont!
Missing character: There is no 夠 in font nullfont!
Missing character: There is no 在 in font nullfont!
Missing character: There is no 不 in font nullfont!
Missing character: There is no 調 in font nullfont!
Missing character: There is no 動 in font nullfont!
Missing character: There is no 遊 in font nullfont!
Missing character: There is no 戲 in font nullfont!
Missing character: There is no 元 in font nullfont!
Missing character: There is no 素 in font nullfont!
Missing character: There is no 的 in font nullfont!
Missing character: There is no 狀 in font nullfont!
Missing character: There is no 況 in font nullfont!
Missing character: There is no 下 in font nullfont!
Missing character: There is no 增 in font nullfont!
Missing character: There is no 加 in font nullfont!
Missing character: There is no 關 in font nullfont!
Missing character: There is no 卡 in font nullfont!
Missing character: There is no 體 in font nullfont!
Missing character: There is no 驗 in font nullfont!
Missing character: There is no 的 in font nullfont!
Missing character: There is no 多 in font nullfont!
Missing character: There is no 樣 in font nullfont!
Missing character: There is no 性 in font nullfont!
Missing character: There is no ， in font nullfont!
Missing character: There is no 並 in font nullfont!
Missing character: There is no 降 in font nullfont!
Missing character: There is no 低 in font nullfont!
Missing character: There is no 調 in font nullfont!
Missing character: There is no 整 in font nullfont!
Missing character: There is no 棋 in font nullfont!
Missing character: There is no 子 in font nullfont!
Missing character: There is no 生 in font nullfont!
Missing character: There is no 成 in font nullfont!
Missing character: There is no 機 in font nullfont!
Missing character: There is no 率 in font nullfont!
Missing character: There is no 的 in font nullfont!
Missing character: There is no 難 in font nullfont!
Missing character: There is no 度 in font nullfont!
Missing character: There is no 。 in font nullfont!

Overfull \hbox (20.0pt too wide) in paragraph at lines 10--11
[] 
 []

! Undefined control sequence.
l.12 \section
             {研究目標}
The control sequence at the end of the top line
of your error message was never \def'ed. If you have
misspelled it (e.g., `\hobx'), type `I' and the correct
spelling (e.g., `I\hbox'). Otherwise just continue,
and I'll forget about whatever was undefined.


! LaTeX Error: Missing \begin{document}.

See the LaTeX manual or LaTeX Companion for explanation.
Type  H <return>  for immediate help.
 ...                                              
                                                  
l.12 \section{研
               究目標}
You're in trouble here.  Try typing  <return>  to proceed.
If that doesn't work, type  X <return>  to quit.

Missing character: There is no 研 in font nullfont!
Missing character: There is no 究 in font nullfont!
Missing character: There is no 目 in font nullfont!
Missing character: There is no 標 in font nullfont!

Overfull \hbox (20.0pt too wide) in paragraph at lines 12--13
[] 
 []


! LaTeX Error: Missing \begin{document}.

See the LaTeX manual or LaTeX Companion for explanation.
Type  H <return>  for immediate help.
 ...                                              
                                                  
l.14 本
      論文的研究目標為分析各類型棋子的生成機率能否影響玩家的遊玩體驗，並提出一套針對Farming類型的三消遊戲關卡體驗編輯系統。此系統能省略理解...

You're in trouble here.  Try typing  <return>  to proceed.
If that doesn't work, type  X <return>  to quit.

Missing character: There is no 本 in font nullfont!
Missing character: There is no 論 in font nullfont!
Missing character: There is no 文 in font nullfont!
Missing character: There is no 的 in font nullfont!
Missing character: There is no 研 in font nullfont!
Missing character: There is no 究 in font nullfont!
Missing character: There is no 目 in font nullfont!
Missing character: There is no 標 in font nullfont!
Missing character: There is no 為 in font nullfont!
Missing character: There is no 分 in font nullfont!
Missing character: There is no 析 in font nullfont!
Missing character: There is no 各 in font nullfont!
Missing character: There is no 類 in font nullfont!
Missing character: There is no 型 in font nullfont!
Missing character: There is no 棋 in font nullfont!
Missing character: There is no 子 in font nullfont!
Missing character: There is no 的 in font nullfont!
Missing character: There is no 生 in font nullfont!
Missing character: There is no 成 in font nullfont!
Missing character: There is no 機 in font nullfont!
Missing character: There is no 率 in font nullfont!
Missing character: There is no 能 in font nullfont!
Missing character: There is no 否 in font nullfont!
Missing character: There is no 影 in font nullfont!
Missing character: There is no 響 in font nullfont!
Missing character: There is no 玩 in font nullfont!
Missing character: There is no 家 in font nullfont!
Missing character: There is no 的 in font nullfont!
Missing character: There is no 遊 in font nullfont!
Missing character: There is no 玩 in font nullfont!
Missing character: There is no 體 in font nullfont!
Missing character: There is no 驗 in font nullfont!
Missing character: There is no ， in font nullfont!
Missing character: There is no 並 in font nullfont!
Missing character: There is no 提 in font nullfont!
Missing character: There is no 出 in font nullfont!
Missing character: There is no 一 in font nullfont!
Missing character: There is no 套 in font nullfont!
Missing character: There is no 針 in font nullfont!
Missing character: There is no 對 in font nullfont!
Missing character: There is no F in font nullfont!
Missing character: There is no a in font nullfont!
Missing character: There is no r in font nullfont!
Missing character: There is no m in font nullfont!
Missing character: There is no i in font nullfont!
Missing character: There is no n in font nullfont!
Missing character: There is no g in font nullfont!
Missing character: There is no 類 in font nullfont!
Missing character: There is no 型 in font nullfont!
Missing character: There is no 的 in font nullfont!
Missing character: There is no 三 in font nullfont!
Missing character: There is no 消 in font nullfont!
Missing character: There is no 遊 in font nullfont!
Missing character: There is no 戲 in font nullfont!
Missing character: There is no 關 in font nullfont!
Missing character: There is no 卡 in font nullfont!
Missing character: There is no 體 in font nullfont!
Missing character: There is no 驗 in font nullfont!
Missing character: There is no 編 in font nullfont!
Missing character: There is no 輯 in font nullfont!
Missing character: There is no 系 in font nullfont!
Missing character: There is no 統 in font nullfont!
Missing character: There is no 。 in font nullfont!
Missing character: There is no 此 in font nullfont!
Missing character: There is no 系 in font nullfont!
Missing character: There is no 統 in font nullfont!
Missing character: There is no 能 in font nullfont!
Missing character: There is no 省 in font nullfont!
Missing character: There is no 略 in font nullfont!
Missing character: There is no 理 in font nullfont!
Missing character: There is no 解 in font nullfont!
Missing character: There is no 機 in font nullfont!
Missing character: There is no 率 in font nullfont!
Missing character: There is no 調 in font nullfont!
Missing character: There is no 控 in font nullfont!
Missing character: There is no 的 in font nullfont!
Missing character: There is no 步 in font nullfont!
Missing character: There is no 驟 in font nullfont!
Missing character: There is no ， in font nullfont!
Missing character: There is no 直 in font nullfont!
Missing character: There is no 接 in font nullfont!
Missing character: There is no 編 in font nullfont!
Missing character: There is no 輯 in font nullfont!
Missing character: There is no 三 in font nullfont!
Missing character: There is no 消 in font nullfont!
Missing character: There is no 遊 in font nullfont!
Missing character: There is no 戲 in font nullfont!
Missing character: There is no 的 in font nullfont!
Missing character: There is no 關 in font nullfont!
Missing character: There is no 卡 in font nullfont!
Missing character: There is no 體 in font nullfont!
Missing character: There is no 驗 in font nullfont!
Missing character: There is no ， in font nullfont!
Missing character: There is no 且 in font nullfont!
Missing character: There is no 能 in font nullfont!
Missing character: There is no 將 in font nullfont!
Missing character: There is no 遊 in font nullfont!
Missing character: There is no 玩 in font nullfont!
Missing character: There is no 數 in font nullfont!
Missing character: There is no 據 in font nullfont!
Missing character: There is no 轉 in font nullfont!
Missing character: There is no 為 in font nullfont!
Missing character: There is no 可 in font nullfont!
Missing character: There is no 展 in font nullfont!
Missing character: There is no 現 in font nullfont!
Missing character: There is no 玩 in font nullfont!
Missing character: There is no 家 in font nullfont!
Missing character: There is no 體 in font nullfont!
Missing character: There is no 驗 in font nullfont!
Missing character: There is no 的 in font nullfont!
Missing character: There is no 特 in font nullfont!
Missing character: There is no 徵 in font nullfont!
Missing character: There is no ， in font nullfont!
Missing character: There is no 進 in font nullfont!
Missing character: There is no 而 in font nullfont!
Missing character: There is no 輔 in font nullfont!
Missing character: There is no 助 in font nullfont!
Missing character: There is no 關 in font nullfont!
Missing character: There is no 卡 in font nullfont!
Missing character: There is no 設 in font nullfont!
Missing character: There is no 計 in font nullfont!
Missing character: There is no 師 in font nullfont!
Missing character: There is no 分 in font nullfont!
Missing character: There is no 析 in font nullfont!
Missing character: There is no 體 in font nullfont!
Missing character: There is no 驗 in font nullfont!
Missing character: There is no 起 in font nullfont!
Missing character: There is no 伏 in font nullfont!
Missing character: There is no ， in font nullfont!
Missing character: There is no 生 in font nullfont!
Missing character: There is no 成 in font nullfont!
Missing character: There is no 擁 in font nullfont!
Missing character: There is no 有 in font nullfont!
Missing character: There is no 多 in font nullfont!
Missing character: There is no 樣 in font nullfont!
Missing character: There is no 遊 in font nullfont!
Missing character: There is no 玩 in font nullfont!
Missing character: There is no 體 in font nullfont!
Missing character: There is no 驗 in font nullfont!
Missing character: There is no 的 in font nullfont!
Missing character: There is no 遊 in font nullfont!
Missing character: There is no 戲 in font nullfont!
Missing character: There is no 關 in font nullfont!
Missing character: There is no 卡 in font nullfont!
Missing character: There is no 。 in font nullfont!

Overfull \hbox (20.0pt too wide) in paragraph at lines 14--15
[] 
 []

! Undefined control sequence.
l.16 \section
             {研究方法概述}
The control sequence at the end of the top line
of your error message was never \def'ed. If you have
misspelled it (e.g., `\hobx'), type `I' and the correct
spelling (e.g., `I\hbox'). Otherwise just continue,
and I'll forget about whatever was undefined.


! LaTeX Error: Missing \begin{document}.

See the LaTeX manual or LaTeX Companion for explanation.
Type  H <return>  for immediate help.
 ...                                              
                                                  
l.16 \section{研
               究方法概述}
You're in trouble here.  Try typing  <return>  to proceed.
If that doesn't work, type  X <return>  to quit.

Missing character: There is no 研 in font nullfont!
Missing character: There is no 究 in font nullfont!
Missing character: There is no 方 in font nullfont!
Missing character: There is no 法 in font nullfont!
Missing character: There is no 概 in font nullfont!
Missing character: There is no 述 in font nullfont!

Overfull \hbox (20.0pt too wide) in paragraph at lines 16--17
[] 
 []


! LaTeX Error: Missing \begin{document}.

See the LaTeX manual or LaTeX Companion for explanation.
Type  H <return>  for immediate help.
 ...                                              
                                                  
l.18 本
      論文提出一套針對Farming類型的三消遊戲關卡體驗編輯系統，此系統含有三項調整因子，分別為：參考區域（Region of Interest...

You're in trouble here.  Try typing  <return>  to proceed.
If that doesn't work, type  X <return>  to quit.

Missing character: There is no 本 in font nullfont!
Missing character: There is no 論 in font nullfont!
Missing character: There is no 文 in font nullfont!
Missing character: There is no 提 in font nullfont!
Missing character: There is no 出 in font nullfont!
Missing character: There is no 一 in font nullfont!
Missing character: There is no 套 in font nullfont!
Missing character: There is no 針 in font nullfont!
Missing character: There is no 對 in font nullfont!
Missing character: There is no F in font nullfont!
Missing character: There is no a in font nullfont!
Missing character: There is no r in font nullfont!
Missing character: There is no m in font nullfont!
Missing character: There is no i in font nullfont!
Missing character: There is no n in font nullfont!
Missing character: There is no g in font nullfont!
Missing character: There is no 類 in font nullfont!
Missing character: There is no 型 in font nullfont!
Missing character: There is no 的 in font nullfont!
Missing character: There is no 三 in font nullfont!
Missing character: There is no 消 in font nullfont!
Missing character: There is no 遊 in font nullfont!
Missing character: There is no 戲 in font nullfont!
Missing character: There is no 關 in font nullfont!
Missing character: There is no 卡 in font nullfont!
Missing character: There is no 體 in font nullfont!
Missing character: There is no 驗 in font nullfont!
Missing character: There is no 編 in font nullfont!
Missing character: There is no 輯 in font nullfont!
Missing character: There is no 系 in font nullfont!
Missing character: There is no 統 in font nullfont!
Missing character: There is no ， in font nullfont!
Missing character: There is no 此 in font nullfont!
Missing character: There is no 系 in font nullfont!
Missing character: There is no 統 in font nullfont!
Missing character: There is no 含 in font nullfont!
Missing character: There is no 有 in font nullfont!
Missing character: There is no 三 in font nullfont!
Missing character: There is no 項 in font nullfont!
Missing character: There is no 調 in font nullfont!
Missing character: There is no 整 in font nullfont!
Missing character: There is no 因 in font nullfont!
Missing character: There is no 子 in font nullfont!
Missing character: There is no ， in font nullfont!
Missing character: There is no 分 in font nullfont!
Missing character: There is no 別 in font nullfont!
Missing character: There is no 為 in font nullfont!
Missing character: There is no ： in font nullfont!
Missing character: There is no 參 in font nullfont!
Missing character: There is no 考 in font nullfont!
Missing character: There is no 區 in font nullfont!
Missing character: There is no 域 in font nullfont!
Missing character: There is no （ in font nullfont!
Missing character: There is no R in font nullfont!
Missing character: There is no e in font nullfont!
Missing character: There is no g in font nullfont!
Missing character: There is no i in font nullfont!
Missing character: There is no o in font nullfont!
Missing character: There is no n in font nullfont!
Missing character: There is no o in font nullfont!
Missing character: There is no f in font nullfont!
Missing character: There is no I in font nullfont!
Missing character: There is no n in font nullfont!
Missing character: There is no t in font nullfont!
Missing character: There is no e in font nullfont!
Missing character: There is no r in font nullfont!
Missing character: There is no e in font nullfont!
Missing character: There is no s in font nullfont!
Missing character: There is no t in font nullfont!
Missing character: There is no ） in font nullfont!
Missing character: There is no 、 in font nullfont!
Missing character: There is no 修 in font nullfont!
Missing character: There is no 正 in font nullfont!
Missing character: There is no 係 in font nullfont!
Missing character: There is no 數 in font nullfont!
Missing character: There is no 與 in font nullfont!
Missing character: There is no 控 in font nullfont!
Missing character: There is no 制 in font nullfont!
Missing character: There is no 盤 in font nullfont!
Missing character: There is no 數 in font nullfont!
Missing character: There is no 。 in font nullfont!
Missing character: There is no 當 in font nullfont!
Missing character: There is no 需 in font nullfont!
Missing character: There is no 要 in font nullfont!
Missing character: There is no 生 in font nullfont!
Missing character: There is no 成 in font nullfont!
Missing character: There is no 棋 in font nullfont!
Missing character: There is no 子 in font nullfont!
Missing character: There is no 填 in font nullfont!
Missing character: There is no 補 in font nullfont!
Missing character: There is no 盤 in font nullfont!
Missing character: There is no 面 in font nullfont!
Missing character: There is no 上 in font nullfont!
Missing character: There is no 的 in font nullfont!
Missing character: There is no 空 in font nullfont!
Missing character: There is no 缺 in font nullfont!
Missing character: There is no 位 in font nullfont!
Missing character: There is no 置 in font nullfont!
Missing character: There is no 時 in font nullfont!
Missing character: There is no ， in font nullfont!
Missing character: There is no 遊 in font nullfont!
Missing character: There is no 戲 in font nullfont!
Missing character: There is no 系 in font nullfont!
Missing character: There is no 統 in font nullfont!
Missing character: There is no 會 in font nullfont!
Missing character: There is no 調 in font nullfont!
Missing character: There is no 用 in font nullfont!
Missing character: There is no 使 in font nullfont!
Missing character: There is no 用 in font nullfont!
Missing character: There is no 者 in font nullfont!
Missing character: There is no 事 in font nullfont!
Missing character: There is no 先 in font nullfont!
Missing character: There is no 設 in font nullfont!
Missing character: There is no 定 in font nullfont!
Missing character: There is no 的 in font nullfont!
Missing character: There is no 調 in font nullfont!
Missing character: There is no 整 in font nullfont!
Missing character: There is no 因 in font nullfont!
Missing character: There is no 子 in font nullfont!
Missing character: There is no 來 in font nullfont!
Missing character: There is no 計 in font nullfont!
Missing character: There is no 算 in font nullfont!
Missing character: There is no 各 in font nullfont!
Missing character: There is no 類 in font nullfont!
Missing character: There is no 型 in font nullfont!
Missing character: There is no 棋 in font nullfont!
Missing character: There is no 子 in font nullfont!
Missing character: There is no 的 in font nullfont!
Missing character: There is no 生 in font nullfont!
Missing character: There is no 成 in font nullfont!
Missing character: There is no 機 in font nullfont!
Missing character: There is no 率 in font nullfont!
Missing character: There is no ， in font nullfont!
Missing character: There is no 以 in font nullfont!
Missing character: There is no 控 in font nullfont!
Missing character: There is no 制 in font nullfont!
Missing character: There is no 盤 in font nullfont!
Missing character: There is no 面 in font nullfont!
Missing character: There is no 補 in font nullfont!
Missing character: There is no 充 in font nullfont!
Missing character: There is no 機 in font nullfont!
Missing character: There is no 制 in font nullfont!
Missing character: There is no 的 in font nullfont!
Missing character: There is no 方 in font nullfont!
Missing character: There is no 式 in font nullfont!
Missing character: There is no ， in font nullfont!
Missing character: There is no 藉 in font nullfont!
Missing character: There is no 此 in font nullfont!
Missing character: There is no 影 in font nullfont!
Missing character: There is no 響 in font nullfont!
Missing character: There is no 關 in font nullfont!
Missing character: There is no 卡 in font nullfont!
Missing character: There is no 的 in font nullfont!
Missing character: There is no 發 in font nullfont!
Missing character: There is no 展 in font nullfont!
Missing character: There is no ， in font nullfont!
Missing character: There is no 帶 in font nullfont!
Missing character: There is no 給 in font nullfont!
Missing character: There is no 玩 in font nullfont!
Missing character: There is no 家 in font nullfont!
Missing character: There is no 不 in font nullfont!
Missing character: There is no 同 in font nullfont!
Missing character: There is no 體 in font nullfont!
Missing character: There is no 驗 in font nullfont!
Missing character: There is no 。 in font nullfont!

Overfull \hbox (20.0pt too wide) in paragraph at lines 18--19
[]
 []


! LaTeX Error: Missing \begin{document}.

See the LaTeX manual or LaTeX Companion for explanation.
Type  H <return>  for immediate help.
 ...                                              
                                                  
l.20 用
      以控制各類型棋子生成機率的三項調整因子中，參考區域使用了遮罩（Mask）的觀念，使特定空缺位置上的棋子生成機率受到相對位置之棋子類型的影響，...

You're in trouble here.  Try typing  <return>  to proceed.
If that doesn't work, type  X <return>  to quit.

Missing character: There is no 用 in font nullfont!
Missing character: There is no 以 in font nullfont!
Missing character: There is no 控 in font nullfont!
Missing character: There is no 制 in font nullfont!
Missing character: There is no 各 in font nullfont!
Missing character: There is no 類 in font nullfont!
Missing character: There is no 型 in font nullfont!
Missing character: There is no 棋 in font nullfont!
Missing character: There is no 子 in font nullfont!
Missing character: There is no 生 in font nullfont!
Missing character: There is no 成 in font nullfont!
Missing character: There is no 機 in font nullfont!
Missing character: There is no 率 in font nullfont!
Missing character: There is no 的 in font nullfont!
Missing character: There is no 三 in font nullfont!
Missing character: There is no 項 in font nullfont!
Missing character: There is no 調 in font nullfont!
Missing character: There is no 整 in font nullfont!
Missing character: There is no 因 in font nullfont!
Missing character: There is no 子 in font nullfont!
Missing character: There is no 中 in font nullfont!
Missing character: There is no ， in font nullfont!
Missing character: There is no 參 in font nullfont!
Missing character: There is no 考 in font nullfont!
Missing character: There is no 區 in font nullfont!
Missing character: There is no 域 in font nullfont!
Missing character: There is no 使 in font nullfont!
Missing character: There is no 用 in font nullfont!
Missing character: There is no 了 in font nullfont!
Missing character: There is no 遮 in font nullfont!
Missing character: There is no 罩 in font nullfont!
Missing character: There is no （ in font nullfont!
Missing character: There is no M in font nullfont!
Missing character: There is no a in font nullfont!
Missing character: There is no s in font nullfont!
Missing character: There is no k in font nullfont!
Missing character: There is no ） in font nullfont!
Missing character: There is no 的 in font nullfont!
Missing character: There is no 觀 in font nullfont!
Missing character: There is no 念 in font nullfont!
Missing character: There is no ， in font nullfont!
Missing character: There is no 使 in font nullfont!
Missing character: There is no 特 in font nullfont!
Missing character: There is no 定 in font nullfont!
Missing character: There is no 空 in font nullfont!
Missing character: There is no 缺 in font nullfont!
Missing character: There is no 位 in font nullfont!
Missing character: There is no 置 in font nullfont!
Missing character: There is no 上 in font nullfont!
Missing character: There is no 的 in font nullfont!
Missing character: There is no 棋 in font nullfont!
Missing character: There is no 子 in font nullfont!
Missing character: There is no 生 in font nullfont!
Missing character: There is no 成 in font nullfont!
Missing character: There is no 機 in font nullfont!
Missing character: There is no 率 in font nullfont!
Missing character: There is no 受 in font nullfont!
Missing character: There is no 到 in font nullfont!
Missing character: There is no 相 in font nullfont!
Missing character: There is no 對 in font nullfont!
Missing character: There is no 位 in font nullfont!
Missing character: There is no 置 in font nullfont!
Missing character: There is no 之 in font nullfont!
Missing character: There is no 棋 in font nullfont!
Missing character: There is no 子 in font nullfont!
Missing character: There is no 類 in font nullfont!
Missing character: There is no 型 in font nullfont!
Missing character: There is no 的 in font nullfont!
Missing character: There is no 影 in font nullfont!
Missing character: There is no 響 in font nullfont!
Missing character: There is no ， in font nullfont!
Missing character: There is no 不 in font nullfont!
Missing character: There is no 同 in font nullfont!
Missing character: There is no 參 in font nullfont!
Missing character: There is no 考 in font nullfont!
Missing character: There is no 區 in font nullfont!
Missing character: There is no 域 in font nullfont!
Missing character: There is no 能 in font nullfont!
Missing character: There is no 帶 in font nullfont!
Missing character: There is no 來 in font nullfont!
Missing character: There is no 不 in font nullfont!
Missing character: There is no 同 in font nullfont!
Missing character: There is no 的 in font nullfont!
Missing character: There is no 遊 in font nullfont!
Missing character: There is no 戲 in font nullfont!
Missing character: There is no 體 in font nullfont!
Missing character: There is no 驗 in font nullfont!
Missing character: There is no 。 in font nullfont!
Missing character: There is no 而 in font nullfont!
Missing character: There is no 修 in font nullfont!
Missing character: There is no 正 in font nullfont!
Missing character: There is no 係 in font nullfont!
Missing character: There is no 數 in font nullfont!
Missing character: There is no 與 in font nullfont!
Missing character: There is no 控 in font nullfont!
Missing character: There is no 制 in font nullfont!
Missing character: There is no 盤 in font nullfont!
Missing character: There is no 數 in font nullfont!
Missing character: There is no 則 in font nullfont!
Missing character: There is no 用 in font nullfont!
Missing character: There is no 於 in font nullfont!
Missing character: There is no 調 in font nullfont!
Missing character: There is no 整 in font nullfont!
Missing character: There is no 參 in font nullfont!
Missing character: There is no 考 in font nullfont!
Missing character: There is no 區 in font nullfont!
Missing character: There is no 域 in font nullfont!
Missing character: There is no 帶 in font nullfont!
Missing character: There is no 來 in font nullfont!
Missing character: There is no 的 in font nullfont!
Missing character: There is no 體 in font nullfont!
Missing character: There is no 驗 in font nullfont!
Missing character: There is no 強 in font nullfont!
Missing character: There is no 度 in font nullfont!
Missing character: There is no ， in font nullfont!
Missing character: There is no 前 in font nullfont!
Missing character: There is no 者 in font nullfont!
Missing character: There is no 使 in font nullfont!
Missing character: There is no 用 in font nullfont!
Missing character: There is no 數 in font nullfont!
Missing character: There is no 學 in font nullfont!
Missing character: There is no 公 in font nullfont!
Missing character: There is no 式 in font nullfont!
Missing character: There is no 微 in font nullfont!
Missing character: There is no 調 in font nullfont!
Missing character: There is no 各 in font nullfont!
Missing character: There is no 類 in font nullfont!
Missing character: There is no 型 in font nullfont!
Missing character: There is no 棋 in font nullfont!
Missing character: There is no 子 in font nullfont!
Missing character: There is no 生 in font nullfont!
Missing character: There is no 成 in font nullfont!
Missing character: There is no 機 in font nullfont!
Missing character: There is no 率 in font nullfont!
Missing character: There is no 之 in font nullfont!
Missing character: There is no 差 in font nullfont!
Missing character: There is no 距 in font nullfont!
Missing character: There is no ， in font nullfont!
Missing character: There is no 後 in font nullfont!
Missing character: There is no 者 in font nullfont!
Missing character: There is no 則 in font nullfont!
Missing character: There is no 控 in font nullfont!
Missing character: There is no 制 in font nullfont!
Missing character: There is no 玩 in font nullfont!
Missing character: There is no 家 in font nullfont!
Missing character: There is no 執 in font nullfont!
Missing character: There is no 行 in font nullfont!
Missing character: There is no 一 in font nullfont!
Missing character: There is no 次 in font nullfont!
Missing character: There is no 操 in font nullfont!
Missing character: There is no 作 in font nullfont!
Missing character: There is no 後 in font nullfont!
Missing character: There is no ， in font nullfont!
Missing character: There is no 將 in font nullfont!
Missing character: There is no 有 in font nullfont!
Missing character: There is no 多 in font nullfont!
Missing character: There is no 少 in font nullfont!
Missing character: There is no 盤 in font nullfont!
Missing character: There is no 面 in font nullfont!
Missing character: There is no 會 in font nullfont!
Missing character: There is no 受 in font nullfont!
Missing character: There is no 到 in font nullfont!
Missing character: There is no 參 in font nullfont!
Missing character: There is no 考 in font nullfont!
Missing character: There is no 區 in font nullfont!
Missing character: There is no 域 in font nullfont!
Missing character: There is no 的 in font nullfont!
Missing character: There is no 影 in font nullfont!
Missing character: There is no 響 in font nullfont!
Missing character: There is no 。 in font nullfont!
Missing character: There is no 因 in font nullfont!
Missing character: There is no 此 in font nullfont!
Missing character: There is no ， in font nullfont!
Missing character: There is no 關 in font nullfont!
Missing character: There is no 卡 in font nullfont!
Missing character: There is no 設 in font nullfont!
Missing character: There is no 計 in font nullfont!
Missing character: There is no 師 in font nullfont!
Missing character: There is no 僅 in font nullfont!
Missing character: There is no 需 in font nullfont!
Missing character: There is no 設 in font nullfont!
Missing character: There is no 計 in font nullfont!
Missing character: There is no 參 in font nullfont!
Missing character: There is no 考 in font nullfont!
Missing character: There is no 區 in font nullfont!
Missing character: There is no 域 in font nullfont!
Missing character: There is no 並 in font nullfont!
Missing character: There is no 規 in font nullfont!
Missing character: There is no 劃 in font nullfont!
Missing character: There is no 調 in font nullfont!
Missing character: There is no 整 in font nullfont!
Missing character: There is no 因 in font nullfont!
Missing character: There is no 子 in font nullfont!
Missing character: There is no ， in font nullfont!
Missing character: There is no 系 in font nullfont!
Missing character: There is no 統 in font nullfont!
Missing character: There is no 就 in font nullfont!
Missing character: There is no 會 in font nullfont!
Missing character: There is no 計 in font nullfont!
Missing character: There is no 算 in font nullfont!
Missing character: There is no 出 in font nullfont!
Missing character: There is no 能 in font nullfont!
Missing character: There is no 在 in font nullfont!
Missing character: There is no 特 in font nullfont!
Missing character: There is no 定 in font nullfont!
Missing character: There is no 盤 in font nullfont!
Missing character: There is no 面 in font nullfont!
Missing character: There is no 狀 in font nullfont!
Missing character: There is no 況 in font nullfont!
Missing character: There is no 下 in font nullfont!
Missing character: There is no 展 in font nullfont!
Missing character: There is no 現 in font nullfont!
Missing character: There is no 目 in font nullfont!
Missing character: There is no 標 in font nullfont!
Missing character: There is no 體 in font nullfont!
Missing character: There is no 驗 in font nullfont!
Missing character: There is no 的 in font nullfont!
Missing character: There is no 各 in font nullfont!
Missing character: There is no 類 in font nullfont!
Missing character: There is no 型 in font nullfont!
Missing character: There is no 棋 in font nullfont!
Missing character: There is no 子 in font nullfont!
Missing character: There is no 生 in font nullfont!
Missing character: There is no 成 in font nullfont!
Missing character: There is no 機 in font nullfont!
Missing character: There is no 率 in font nullfont!
Missing character: There is no 。 in font nullfont!

Overfull \hbox (20.0pt too wide) in paragraph at lines 20--21
[] 
 []

! Undefined control sequence.
l.22 \section
             {研究貢獻}
The control sequence at the end of the top line
of your error message was never \def'ed. If you have
misspelled it (e.g., `\hobx'), type `I' and the correct
spelling (e.g., `I\hbox'). Otherwise just continue,
and I'll forget about whatever was undefined.


! LaTeX Error: Missing \begin{document}.

See the LaTeX manual or LaTeX Companion for explanation.
Type  H <return>  for immediate help.
 ...                                              
                                                  
l.22 \section{研
               究貢獻}
You're in trouble here.  Try typing  <return>  to proceed.
If that doesn't work, type  X <return>  to quit.

Missing character: There is no 研 in font nullfont!
Missing character: There is no 究 in font nullfont!
Missing character: There is no 貢 in font nullfont!
Missing character: There is no 獻 in font nullfont!

Overfull \hbox (20.0pt too wide) in paragraph at lines 22--23
[] 
 []


! LaTeX Error: Missing \begin{document}.

See the LaTeX manual or LaTeX Companion for explanation.
Type  H <return>  for immediate help.
 ...                                              
                                                  
l.24 本
      論文之研究貢獻為：
You're in trouble here.  Try typing  <return>  to proceed.
If that doesn't work, type  X <return>  to quit.

Missing character: There is no 本 in font nullfont!
Missing character: There is no 論 in font nullfont!
Missing character: There is no 文 in font nullfont!
Missing character: There is no 之 in font nullfont!
Missing character: There is no 研 in font nullfont!
Missing character: There is no 究 in font nullfont!
Missing character: There is no 貢 in font nullfont!
Missing character: There is no 獻 in font nullfont!
Missing character: There is no 為 in font nullfont!
Missing character: There is no ： in font nullfont!

Overfull \hbox (20.0pt too wide) in paragraph at lines 24--25
[] 
 []

Missing character: There is no 在 in font nullfont!
Missing character: There is no 不 in font nullfont!
Missing character: There is no 調 in font nullfont!
Missing character: There is no 動 in font nullfont!
Missing character: There is no 遊 in font nullfont!
Missing character: There is no 戲 in font nullfont!
Missing character: There is no 元 in font nullfont!
Missing character: There is no 素 in font nullfont!
Missing character: There is no 與 in font nullfont!
Missing character: There is no 關 in font nullfont!
Missing character: There is no 卡 in font nullfont!
Missing character: There is no 結 in font nullfont!
Missing character: There is no 構 in font nullfont!
Missing character: There is no 的 in font nullfont!
Missing character: There is no 條 in font nullfont!
Missing character: There is no 件 in font nullfont!
Missing character: There is no 下 in font nullfont!
Missing character: There is no ， in font nullfont!
Missing character: There is no 利 in font nullfont!
Missing character: There is no 用 in font nullfont!
Missing character: There is no 盤 in font nullfont!
Missing character: There is no 面 in font nullfont!
Missing character: There is no 補 in font nullfont!
Missing character: There is no 充 in font nullfont!
Missing character: There is no 機 in font nullfont!
Missing character: There is no 制 in font nullfont!
Missing character: There is no 來 in font nullfont!
Missing character: There is no 控 in font nullfont!
Missing character: There is no 制 in font nullfont!
Missing character: There is no 遊 in font nullfont!
Missing character: There is no 玩 in font nullfont!
Missing character: There is no 體 in font nullfont!
Missing character: There is no 驗 in font nullfont!
Missing character: There is no ， in font nullfont!
Missing character: There is no 使 in font nullfont!
Missing character: There is no 三 in font nullfont!
Missing character: There is no 消 in font nullfont!
Missing character: There is no 遊 in font nullfont!
Missing character: There is no 戲 in font nullfont!
Missing character: There is no 給 in font nullfont!
Missing character: There is no 予 in font nullfont!
Missing character: There is no 玩 in font nullfont!
Missing character: There is no 家 in font nullfont!
Missing character: There is no 的 in font nullfont!
Missing character: There is no 體 in font nullfont!
Missing character: There is no 驗 in font nullfont!
Missing character: There is no 更 in font nullfont!
Missing character: There is no 加 in font nullfont!
Missing character: There is no 多 in font nullfont!
Missing character: There is no 樣 in font nullfont!
Missing character: There is no 化 in font nullfont!
Missing character: There is no 。 in font nullfont!
Missing character: There is no 提 in font nullfont!
Missing character: There is no 出 in font nullfont!
Missing character: There is no 針 in font nullfont!
Missing character: There is no 對 in font nullfont!
Missing character: There is no F in font nullfont!
Missing character: There is no a in font nullfont!
Missing character: There is no r in font nullfont!
Missing character: There is no m in font nullfont!
Missing character: There is no i in font nullfont!
Missing character: There is no n in font nullfont!
Missing character: There is no g in font nullfont!
Missing character: There is no 類 in font nullfont!
Missing character: There is no 型 in font nullfont!
Missing character: There is no 的 in font nullfont!
Missing character: There is no 三 in font nullfont!
Missing character: There is no 消 in font nullfont!
Missing character: There is no 遊 in font nullfont!
Missing character: There is no 戲 in font nullfont!
Missing character: There is no 關 in font nullfont!
Missing character: There is no 卡 in font nullfont!
Missing character: There is no 體 in font nullfont!
Missing character: There is no 驗 in font nullfont!
Missing character: There is no 編 in font nullfont!
Missing character: There is no 輯 in font nullfont!
Missing character: There is no 系 in font nullfont!
Missing character: There is no 統 in font nullfont!
Missing character: There is no ， in font nullfont!
Missing character: There is no 藉 in font nullfont!
Missing character: There is no 由 in font nullfont!
Missing character: There is no 三 in font nullfont!
Missing character: There is no 個 in font nullfont!
Missing character: There is no 調 in font nullfont!
Missing character: There is no 整 in font nullfont!
Missing character: There is no 因 in font nullfont!
Missing character: There is no 子 in font nullfont!
Missing character: There is no ： in font nullfont!
Missing character: There is no 參 in font nullfont!
Missing character: There is no 考 in font nullfont!
Missing character: There is no 區 in font nullfont!
Missing character: There is no 域 in font nullfont!
Missing character: There is no 、 in font nullfont!
Missing character: There is no 修 in font nullfont!
Missing character: There is no 正 in font nullfont!
Missing character: There is no 係 in font nullfont!
Missing character: There is no 數 in font nullfont!
Missing character: There is no 和 in font nullfont!
Missing character: There is no 控 in font nullfont!
Missing character: There is no 制 in font nullfont!
Missing character: There is no 盤 in font nullfont!
Missing character: There is no 數 in font nullfont!
Missing character: There is no ， in font nullfont!
Missing character: There is no 操 in font nullfont!
Missing character: There is no 控 in font nullfont!
Missing character: There is no 棋 in font nullfont!
Missing character: There is no 子 in font nullfont!
Missing character: There is no 生 in font nullfont!
Missing character: There is no 成 in font nullfont!
Missing character: There is no 機 in font nullfont!
Missing character: There is no 率 in font nullfont!
Missing character: There is no 以 in font nullfont!
Missing character: There is no 產 in font nullfont!
Missing character: There is no 生 in font nullfont!
Missing character: There is no 不 in font nullfont!
Missing character: There is no 同 in font nullfont!
Missing character: There is no 的 in font nullfont!
Missing character: There is no 遊 in font nullfont!
Missing character: There is no 玩 in font nullfont!
Missing character: There is no 體 in font nullfont!
Missing character: There is no 驗 in font nullfont!
Missing character: There is no 。 in font nullfont!
Missing character: There is no 此 in font nullfont!
Missing character: There is no 系 in font nullfont!
Missing character: There is no 統 in font nullfont!
Missing character: There is no 也 in font nullfont!
Missing character: There is no 能 in font nullfont!
Missing character: There is no 夠 in font nullfont!
Missing character: There is no 模 in font nullfont!
Missing character: There is no 擬 in font nullfont!
Missing character: There is no 遊 in font nullfont!
Missing character: There is no 玩 in font nullfont!
Missing character: There is no 關 in font nullfont!
Missing character: There is no 卡 in font nullfont!
Missing character: There is no 並 in font nullfont!
Missing character: There is no 分 in font nullfont!
Missing character: There is no 析 in font nullfont!
Missing character: There is no 遊 in font nullfont!
Missing character: There is no 玩 in font nullfont!
Missing character: There is no 數 in font nullfont!
Missing character: There is no 據 in font nullfont!
Missing character: There is no ， in font nullfont!
Missing character: There is no 讓 in font nullfont!
Missing character: There is no 關 in font nullfont!
Missing character: There is no 卡 in font nullfont!
Missing character: There is no 設 in font nullfont!
Missing character: There is no 計 in font nullfont!
Missing character: There is no 師 in font nullfont!
Missing character: There is no 預 in font nullfont!
Missing character: There is no 先 in font nullfont!
Missing character: There is no 掌 in font nullfont!
Missing character: There is no 握 in font nullfont!
Missing character: There is no 玩 in font nullfont!
Missing character: There is no 家 in font nullfont!
Missing character: There is no 體 in font nullfont!
Missing character: There is no 驗 in font nullfont!
Missing character: There is no ， in font nullfont!
Missing character: There is no 降 in font nullfont!
Missing character: There is no 低 in font nullfont!
Missing character: There is no 測 in font nullfont!
Missing character: There is no 試 in font nullfont!
Missing character: There is no 時 in font nullfont!
Missing character: There is no 的 in font nullfont!
Missing character: There is no 成 in font nullfont!
Missing character: There is no 本 in font nullfont!
Missing character: There is no 。 in font nullfont!
Missing character: There is no 提 in font nullfont!
Missing character: There is no 出 in font nullfont!
Missing character: There is no 應 in font nullfont!
Missing character: There is no 用 in font nullfont!
Missing character: There is no 遮 in font nullfont!
Missing character: There is no 罩 in font nullfont!
Missing character: There is no 概 in font nullfont!
Missing character: There is no 念 in font nullfont!
Missing character: There is no 的 in font nullfont!
Missing character: There is no 參 in font nullfont!
Missing character: There is no 考 in font nullfont!
Missing character: There is no 區 in font nullfont!
Missing character: There is no 域 in font nullfont!
Missing character: There is no ， in font nullfont!
Missing character: There is no 可 in font nullfont!
Missing character: There is no 依 in font nullfont!
Missing character: There is no 遊 in font nullfont!
Missing character: There is no 戲 in font nullfont!
Missing character: There is no 機 in font nullfont!
Missing character: There is no 制 in font nullfont!
Missing character: There is no 做 in font nullfont!
Missing character: There is no 設 in font nullfont!
Missing character: There is no 計 in font nullfont!
Missing character: There is no ， in font nullfont!
Missing character: There is no 使 in font nullfont!
Missing character: There is no 其 in font nullfont!
Missing character: There is no 生 in font nullfont!
Missing character: There is no 成 in font nullfont!
Missing character: There is no 對 in font nullfont!
Missing character: There is no 應 in font nullfont!
Missing character: There is no 的 in font nullfont!
Missing character: There is no 遊 in font nullfont!
Missing character: There is no 玩 in font nullfont!
Missing character: There is no 體 in font nullfont!
Missing character: There is no 驗 in font nullfont!
Missing character: There is no 。 in font nullfont!
Missing character: There is no 本 in font nullfont!
Missing character: There is no 論 in font nullfont!
Missing character: There is no 文 in font nullfont!
Missing character: There is no 根 in font nullfont!
Missing character: There is no 據 in font nullfont!
Missing character: There is no F in font nullfont!
Missing character: There is no a in font nullfont!
Missing character: There is no r in font nullfont!
Missing character: There is no m in font nullfont!
Missing character: There is no i in font nullfont!
Missing character: There is no n in font nullfont!
Missing character: There is no g in font nullfont!
Missing character: There is no 類 in font nullfont!
Missing character: There is no 型 in font nullfont!
Missing character: There is no 的 in font nullfont!
Missing character: There is no 三 in font nullfont!
Missing character: There is no 消 in font nullfont!
Missing character: There is no 遊 in font nullfont!
Missing character: There is no 戲 in font nullfont!
Missing character: There is no 機 in font nullfont!
Missing character: There is no 制 in font nullfont!
Missing character: There is no 設 in font nullfont!
Missing character: There is no 計 in font nullfont!
Missing character: There is no 出 in font nullfont!
Missing character: There is no 兩 in font nullfont!
Missing character: There is no 種 in font nullfont!
Missing character: There is no 參 in font nullfont!
Missing character: There is no 考 in font nullfont!
Missing character: There is no 區 in font nullfont!
Missing character: There is no 域 in font nullfont!
Missing character: There is no ， in font nullfont!
Missing character: There is no 分 in font nullfont!
Missing character: There is no 別 in font nullfont!
Missing character: There is no 是 in font nullfont!
Missing character: There is no ： in font nullfont!
Missing character: There is no 「 in font nullfont!
Missing character: There is no 以 in font nullfont!
Missing character: There is no 消 in font nullfont!
Missing character: There is no 除 in font nullfont!
Missing character: There is no 為 in font nullfont!
Missing character: There is no 主 in font nullfont!
Missing character: There is no 」 in font nullfont!
Missing character: There is no 的 in font nullfont!
Missing character: There is no 參 in font nullfont!
Missing character: There is no 考 in font nullfont!
Missing character: There is no 區 in font nullfont!
Missing character: There is no 域 in font nullfont!
Missing character: There is no 對 in font nullfont!
Missing character: There is no 應 in font nullfont!
Missing character: There is no 「 in font nullfont!
Missing character: There is no 容 in font nullfont!
Missing character: There is no 易 in font nullfont!
Missing character: There is no 得 in font nullfont!
Missing character: There is no 分 in font nullfont!
Missing character: There is no 」 in font nullfont!
Missing character: There is no 的 in font nullfont!
Missing character: There is no 體 in font nullfont!
Missing character: There is no 驗 in font nullfont!
Missing character: There is no 與 in font nullfont!
Missing character: There is no 「 in font nullfont!
Missing character: There is no 以 in font nullfont!
Missing character: There is no 移 in font nullfont!
Missing character: There is no 動 in font nullfont!
Missing character: There is no 為 in font nullfont!
Missing character: There is no 主 in font nullfont!
Missing character: There is no 」 in font nullfont!
Missing character: There is no 的 in font nullfont!
Missing character: There is no 參 in font nullfont!
Missing character: There is no 考 in font nullfont!
Missing character: There is no 區 in font nullfont!
Missing character: There is no 域 in font nullfont!
Missing character: There is no 對 in font nullfont!
Missing character: There is no 應 in font nullfont!
Missing character: There is no 「 in font nullfont!
Missing character: There is no 容 in font nullfont!
Missing character: There is no 易 in font nullfont!
Missing character: There is no 下 in font nullfont!
Missing character: There is no 手 in font nullfont!
Missing character: There is no 」 in font nullfont!
Missing character: There is no 的 in font nullfont!
Missing character: There is no 體 in font nullfont!
Missing character: There is no 驗 in font nullfont!
Missing character: There is no 。 in font nullfont!
Missing character: There is no 提 in font nullfont!
Missing character: There is no 出 in font nullfont!
Missing character: There is no 可 in font nullfont!
Missing character: There is no 調 in font nullfont!
Missing character: There is no 整 in font nullfont!
Missing character: There is no 棋 in font nullfont!
Missing character: There is no 子 in font nullfont!
Missing character: There is no 間 in font nullfont!
Missing character: There is no 生 in font nullfont!
Missing character: There is no 成 in font nullfont!
Missing character: There is no 機 in font nullfont!
Missing character: There is no 率 in font nullfont!
Missing character: There is no 之 in font nullfont!
Missing character: There is no 差 in font nullfont!
Missing character: There is no 距 in font nullfont!
Missing character: There is no 的 in font nullfont!
Missing character: There is no 公 in font nullfont!
Missing character: There is no 式 in font nullfont!
Missing character: There is no ， in font nullfont!
Missing character: There is no 只 in font nullfont!
Missing character: There is no 需 in font nullfont!
Missing character: There is no 調 in font nullfont!
Missing character: There is no 整 in font nullfont!
Missing character: There is no 該 in font nullfont!
Missing character: There is no 公 in font nullfont!
Missing character: There is no 式 in font nullfont!
Missing character: There is no 中 in font nullfont!
Missing character: There is no 的 in font nullfont!
Missing character: There is no 修 in font nullfont!
Missing character: There is no 正 in font nullfont!
Missing character: There is no 係 in font nullfont!
Missing character: There is no 數 in font nullfont!
Missing character: There is no ， in font nullfont!
Missing character: There is no 就 in font nullfont!
Missing character: There is no 能 in font nullfont!
Missing character: There is no 微 in font nullfont!
Missing character: There is no 調 in font nullfont!
Missing character: There is no 參 in font nullfont!
Missing character: There is no 考 in font nullfont!
Missing character: There is no 區 in font nullfont!
Missing character: There is no 域 in font nullfont!
Missing character: There is no 帶 in font nullfont!
Missing character: There is no 來 in font nullfont!
Missing character: There is no 的 in font nullfont!
Missing character: There is no 體 in font nullfont!
Missing character: There is no 驗 in font nullfont!
Missing character: There is no 強 in font nullfont!
Missing character: There is no 度 in font nullfont!
Missing character: There is no ， in font nullfont!
Missing character: There is no 並 in font nullfont!
Missing character: There is no 使 in font nullfont!
Missing character: There is no 該 in font nullfont!
Missing character: There is no 體 in font nullfont!
Missing character: There is no 驗 in font nullfont!
Missing character: There is no 不 in font nullfont!
Missing character: There is no 受 in font nullfont!
Missing character: There is no 盤 in font nullfont!
Missing character: There is no 面 in font nullfont!
Missing character: There is no 狀 in font nullfont!
Missing character: There is no 態 in font nullfont!
Missing character: There is no 影 in font nullfont!
Missing character: There is no 響 in font nullfont!
Missing character: There is no 。 in font nullfont!
Missing character: There is no 輔 in font nullfont!
Missing character: There is no 助 in font nullfont!
Missing character: There is no 關 in font nullfont!
Missing character: There is no 卡 in font nullfont!
Missing character: There is no 設 in font nullfont!
Missing character: There is no 計 in font nullfont!
Missing character: There is no 師 in font nullfont!
Missing character: There is no 利 in font nullfont!
Missing character: There is no 用 in font nullfont!
Missing character: There is no 盤 in font nullfont!
Missing character: There is no 面 in font nullfont!
Missing character: There is no 補 in font nullfont!
Missing character: There is no 充 in font nullfont!
Missing character: There is no 機 in font nullfont!
Missing character: There is no 制 in font nullfont!
Missing character: There is no 控 in font nullfont!
Missing character: There is no 制 in font nullfont!
Missing character: There is no 遊 in font nullfont!
Missing character: There is no 玩 in font nullfont!
Missing character: There is no 體 in font nullfont!
Missing character: There is no 驗 in font nullfont!
Missing character: There is no ， in font nullfont!
Missing character: There is no 關 in font nullfont!
Missing character: There is no 卡 in font nullfont!
Missing character: There is no 設 in font nullfont!
Missing character: There is no 計 in font nullfont!
Missing character: There is no 師 in font nullfont!
Missing character: There is no 不 in font nullfont!
Missing character: There is no 需 in font nullfont!
Missing character: There is no 接 in font nullfont!
Missing character: There is no 觸 in font nullfont!
Missing character: There is no 複 in font nullfont!
Missing character: There is no 雜 in font nullfont!
Missing character: There is no 的 in font nullfont!
Missing character: There is no 棋 in font nullfont!
Missing character: There is no 子 in font nullfont!
Missing character: There is no 生 in font nullfont!
Missing character: There is no 成 in font nullfont!
Missing character: There is no 機 in font nullfont!
Missing character: There is no 率 in font nullfont!
Missing character: There is no ， in font nullfont!
Missing character: There is no 可 in font nullfont!
Missing character: There is no 使 in font nullfont!
Missing character: There is no 用 in font nullfont!
Missing character: There is no 易 in font nullfont!
Missing character: There is no 理 in font nullfont!
Missing character: There is no 解 in font nullfont!
Missing character: There is no 的 in font nullfont!
Missing character: There is no 調 in font nullfont!
Missing character: There is no 整 in font nullfont!
Missing character: There is no 因 in font nullfont!
Missing character: There is no 子 in font nullfont!
Missing character: There is no 生 in font nullfont!
Missing character: There is no 成 in font nullfont!
Missing character: There is no 目 in font nullfont!
Missing character: There is no 標 in font nullfont!
Missing character: There is no 體 in font nullfont!
Missing character: There is no 驗 in font nullfont!
Missing character: There is no 。 in font nullfont!
Missing character: There is no 將 in font nullfont!
Missing character: There is no 三 in font nullfont!
Missing character: There is no 消 in font nullfont!
Missing character: There is no 遊 in font nullfont!
Missing character: There is no 戲 in font nullfont!
Missing character: There is no 的 in font nullfont!
Missing character: There is no 遊 in font nullfont!
Missing character: There is no 玩 in font nullfont!
Missing character: There is no 數 in font nullfont!
Missing character: There is no 據 in font nullfont!
Missing character: There is no 轉 in font nullfont!
Missing character: There is no 為 in font nullfont!
Missing character: There is no 四 in font nullfont!
Missing character: There is no 類 in font nullfont!
Missing character: There is no 能 in font nullfont!
Missing character: There is no 展 in font nullfont!
Missing character: There is no 現 in font nullfont!
Missing character: There is no 玩 in font nullfont!
Missing character: There is no 家 in font nullfont!
Missing character: There is no 體 in font nullfont!
Missing character: There is no 驗 in font nullfont!
Missing character: There is no 的 in font nullfont!
Missing character: There is no 遊 in font nullfont!
Missing character: There is no 玩 in font nullfont!
Missing character: There is no 特 in font nullfont!
Missing character: There is no 徵 in font nullfont!
Missing character: There is no ： in font nullfont!
Missing character: There is no 「 in font nullfont!
Missing character: There is no 單 in font nullfont!
Missing character: There is no 盤 in font nullfont!
Missing character: There is no 平 in font nullfont!
Missing character: There is no 均 in font nullfont!
Missing character: There is no 得 in font nullfont!
Missing character: There is no 分 in font nullfont!
Missing character: There is no 」 in font nullfont!
Missing character: There is no 對 in font nullfont!
Missing character: There is no 應 in font nullfont!
Missing character: There is no 自 in font nullfont!
Missing character: There is no 動 in font nullfont!
Missing character: There is no 配 in font nullfont!
Missing character: There is no 對 in font nullfont!
Missing character: There is no 消 in font nullfont!
Missing character: There is no 除 in font nullfont!
Missing character: There is no 的 in font nullfont!
Missing character: There is no 「 in font nullfont!
Missing character: There is no 大 in font nullfont!
Missing character: There is no 量 in font nullfont!
Missing character: There is no 同 in font nullfont!
Missing character: There is no 時 in font nullfont!
Missing character: There is no 消 in font nullfont!
Missing character: There is no 除 in font nullfont!
Missing character: There is no 」 in font nullfont!
Missing character: There is no 體 in font nullfont!
Missing character: There is no 驗 in font nullfont!
Missing character: There is no 、 in font nullfont!
Missing character: There is no 「 in font nullfont!
Missing character: There is no 生 in font nullfont!
Missing character: There is no 成 in font nullfont!
Missing character: There is no 盤 in font nullfont!
Missing character: There is no 數 in font nullfont!
Missing character: There is no 」 in font nullfont!
Missing character: There is no 對 in font nullfont!
Missing character: There is no 應 in font nullfont!
Missing character: There is no 自 in font nullfont!
Missing character: There is no 動 in font nullfont!
Missing character: There is no 配 in font nullfont!
Missing character: There is no 對 in font nullfont!
Missing character: There is no 消 in font nullfont!
Missing character: There is no 除 in font nullfont!
Missing character: There is no 的 in font nullfont!
Missing character: There is no 「 in font nullfont!
Missing character: There is no 連 in font nullfont!
Missing character: There is no 續 in font nullfont!
Missing character: There is no 消 in font nullfont!
Missing character: There is no 除 in font nullfont!
Missing character: There is no 」 in font nullfont!
Missing character: There is no 體 in font nullfont!
Missing character: There is no 驗 in font nullfont!
Missing character: There is no 、 in font nullfont!
Missing character: There is no 「 in font nullfont!
Missing character: There is no 選 in font nullfont!
Missing character: There is no 擇 in font nullfont!
Missing character: There is no 數 in font nullfont!
Missing character: There is no 」 in font nullfont!
Missing character: There is no 對 in font nullfont!
Missing character: There is no 應 in font nullfont!
Missing character: There is no 玩 in font nullfont!
Missing character: There is no 家 in font nullfont!
Missing character: There is no 操 in font nullfont!
Missing character: There is no 作 in font nullfont!
Missing character: There is no 的 in font nullfont!
Missing character: There is no 「 in font nullfont!
Missing character: There is no 找 in font nullfont!
Missing character: There is no 到 in font nullfont!
Missing character: There is no 下 in font nullfont!
Missing character: There is no 手 in font nullfont!
Missing character: There is no 處 in font nullfont!
Missing character: There is no 」 in font nullfont!
Missing character: There is no 體 in font nullfont!
Missing character: There is no 驗 in font nullfont!
Missing character: There is no 、 in font nullfont!
Missing character: There is no 「 in font nullfont!
Missing character: There is no 首 in font nullfont!
Missing character: There is no 盤 in font nullfont!
Missing character: There is no 得 in font nullfont!
Missing character: There is no 分 in font nullfont!
Missing character: There is no 」 in font nullfont!
Missing character: There is no 對 in font nullfont!
Missing character: There is no 應 in font nullfont!
Missing character: There is no 玩 in font nullfont!
Missing character: There is no 家 in font nullfont!
Missing character: There is no 操 in font nullfont!
Missing character: There is no 作 in font nullfont!
Missing character: There is no 的 in font nullfont!
Missing character: There is no 「 in font nullfont!
Missing character: There is no 找 in font nullfont!
Missing character: There is no 到 in font nullfont!
Missing character: There is no 高 in font nullfont!
Missing character: There is no 分 in font nullfont!
Missing character: There is no 下 in font nullfont!
Missing character: There is no 手 in font nullfont!
Missing character: There is no 處 in font nullfont!
Missing character: There is no 」 in font nullfont!
Missing character: There is no 體 in font nullfont!
Missing character: There is no 驗 in font nullfont!
Missing character: There is no ， in font nullfont!
Missing character: There is no 讓 in font nullfont!
Missing character: There is no 關 in font nullfont!
Missing character: There is no 卡 in font nullfont!
Missing character: There is no 設 in font nullfont!
Missing character: There is no 計 in font nullfont!
Missing character: There is no 師 in font nullfont!
Missing character: There is no 可 in font nullfont!
Missing character: There is no 快 in font nullfont!
Missing character: There is no 速 in font nullfont!
Missing character: There is no 分 in font nullfont!
Missing character: There is no 析 in font nullfont!
Missing character: There is no 數 in font nullfont!
Missing character: There is no 據 in font nullfont!
Missing character: There is no ， in font nullfont!
Missing character: There is no 理 in font nullfont!
Missing character: There is no 解 in font nullfont!
Missing character: There is no 玩 in font nullfont!
Missing character: There is no 家 in font nullfont!
Missing character: There is no 遊 in font nullfont!
Missing character: There is no 玩 in font nullfont!
Missing character: There is no 體 in font nullfont!
Missing character: There is no 驗 in font nullfont!
Missing character: There is no 的 in font nullfont!
Missing character: There is no 起 in font nullfont!
Missing character: There is no 伏 in font nullfont!
Missing character: There is no 。 in font nullfont!
! Undefined control sequence.
l.34 \section
             {本論文之章節結構}
The control sequence at the end of the top line
of your error message was never \def'ed. If you have
misspelled it (e.g., `\hobx'), type `I' and the correct
spelling (e.g., `I\hbox'). Otherwise just continue,
and I'll forget about whatever was undefined.

Missing character: There is no 本 in font nullfont!
Missing character: There is no 論 in font nullfont!
Missing character: There is no 文 in font nullfont!
Missing character: There is no 之 in font nullfont!
Missing character: There is no 章 in font nullfont!
Missing character: There is no 節 in font nullfont!
Missing character: There is no 結 in font nullfont!
Missing character: There is no 構 in font nullfont!

Overfull \hbox (20.0pt too wide) in paragraph at lines 34--35
[] 
 []

)
! Emergency stop.
<*> ./introduction.tex
                      
*** (job aborted, no legal \end found)

 
Here is how much of TeX's memory you used:
 7 strings out of 427769
 90 string characters out of 3146641
 64491 words of memory out of 3000000
 4131 multiletter control sequences out of 15000+200000
 3640 words of font info for 14 fonts, out of 3000000 for 9000
 1328 hyphenation exceptions out of 8191
 8i,1n,7p,357b,67s stack positions out of 5000i,500n,10000p,200000b,50000s
No pages of output.
