This is XeTeX, Version 3.14159265-2.6-0.99999 (MiKTeX 2.9.6840 64-bit) (preloaded format=xelatex 2018.12.20)  2 JUL 2019 10:26
entering extended mode
**./method.tex
(method.tex
LaTeX2e <2018-12-01>

! LaTeX Error: Command \thetable undefined.

See the LaTeX manual or LaTeX Companion for explanation.
Type  H <return>  for immediate help.
 ...                                              
                                                  
l.1 \renewcommand\thetable
                          {\arabic{chapter}-\arabic{table}}
Try typing  <return>  to proceed.
If that doesn't work, type  X <return>  to quit.

! Undefined control sequence.
l.4 \chapter
            {研究方法}
The control sequence at the end of the top line
of your error message was never \def'ed. If you have
misspelled it (e.g., `\hobx'), type `I' and the correct
spelling (e.g., `I\hbox'). Otherwise just continue,
and I'll forget about whatever was undefined.


! LaTeX Error: Missing \begin{document}.

See the LaTeX manual or LaTeX Companion for explanation.
Type  H <return>  for immediate help.
 ...                                              
                                                  
l.4 \chapter{研
              究方法}
You're in trouble here.  Try typing  <return>  to proceed.
If that doesn't work, type  X <return>  to quit.

Missing character: There is no 研 in font nullfont!
Missing character: There is no 究 in font nullfont!
Missing character: There is no 方 in font nullfont!
Missing character: There is no 法 in font nullfont!

Overfull \hbox (20.0pt too wide) in paragraph at lines 4--5
[] 
 []


! LaTeX Error: Missing \begin{document}.

See the LaTeX manual or LaTeX Companion for explanation.
Type  H <return>  for immediate help.
 ...                                              
                                                  
l.6 在
     上一節的相關研究中，我們得知三消遊戲的動態難度與棋子生成相關。由於生成的棋子類型為隨機，使得同樣的關卡擁有無數種發展，玩家無法依據同樣的操作達...

You're in trouble here.  Try typing  <return>  to proceed.
If that doesn't work, type  X <return>  to quit.

Missing character: There is no 在 in font nullfont!
Missing character: There is no 上 in font nullfont!
Missing character: There is no 一 in font nullfont!
Missing character: There is no 節 in font nullfont!
Missing character: There is no 的 in font nullfont!
Missing character: There is no 相 in font nullfont!
Missing character: There is no 關 in font nullfont!
Missing character: There is no 研 in font nullfont!
Missing character: There is no 究 in font nullfont!
Missing character: There is no 中 in font nullfont!
Missing character: There is no ， in font nullfont!
Missing character: There is no 我 in font nullfont!
Missing character: There is no 們 in font nullfont!
Missing character: There is no 得 in font nullfont!
Missing character: There is no 知 in font nullfont!
Missing character: There is no 三 in font nullfont!
Missing character: There is no 消 in font nullfont!
Missing character: There is no 遊 in font nullfont!
Missing character: There is no 戲 in font nullfont!
Missing character: There is no 的 in font nullfont!
Missing character: There is no 動 in font nullfont!
Missing character: There is no 態 in font nullfont!
Missing character: There is no 難 in font nullfont!
Missing character: There is no 度 in font nullfont!
Missing character: There is no 與 in font nullfont!
Missing character: There is no 棋 in font nullfont!
Missing character: There is no 子 in font nullfont!
Missing character: There is no 生 in font nullfont!
Missing character: There is no 成 in font nullfont!
Missing character: There is no 相 in font nullfont!
Missing character: There is no 關 in font nullfont!
Missing character: There is no 。 in font nullfont!
Missing character: There is no 由 in font nullfont!
Missing character: There is no 於 in font nullfont!
Missing character: There is no 生 in font nullfont!
Missing character: There is no 成 in font nullfont!
Missing character: There is no 的 in font nullfont!
Missing character: There is no 棋 in font nullfont!
Missing character: There is no 子 in font nullfont!
Missing character: There is no 類 in font nullfont!
Missing character: There is no 型 in font nullfont!
Missing character: There is no 為 in font nullfont!
Missing character: There is no 隨 in font nullfont!
Missing character: There is no 機 in font nullfont!
Missing character: There is no ， in font nullfont!
Missing character: There is no 使 in font nullfont!
Missing character: There is no 得 in font nullfont!
Missing character: There is no 同 in font nullfont!
Missing character: There is no 樣 in font nullfont!
Missing character: There is no 的 in font nullfont!
Missing character: There is no 關 in font nullfont!
Missing character: There is no 卡 in font nullfont!
Missing character: There is no 擁 in font nullfont!
Missing character: There is no 有 in font nullfont!
Missing character: There is no 無 in font nullfont!
Missing character: There is no 數 in font nullfont!
Missing character: There is no 種 in font nullfont!
Missing character: There is no 發 in font nullfont!
Missing character: There is no 展 in font nullfont!
Missing character: There is no ， in font nullfont!
Missing character: There is no 玩 in font nullfont!
Missing character: There is no 家 in font nullfont!
Missing character: There is no 無 in font nullfont!
Missing character: There is no 法 in font nullfont!
Missing character: There is no 依 in font nullfont!
Missing character: There is no 據 in font nullfont!
Missing character: There is no 同 in font nullfont!
Missing character: There is no 樣 in font nullfont!
Missing character: There is no 的 in font nullfont!
Missing character: There is no 操 in font nullfont!
Missing character: There is no 作 in font nullfont!
Missing character: There is no 達 in font nullfont!
Missing character: There is no 成 in font nullfont!
Missing character: There is no 遊 in font nullfont!
Missing character: There is no 戲 in font nullfont!
Missing character: There is no 目 in font nullfont!
Missing character: There is no 標 in font nullfont!
Missing character: There is no ， in font nullfont!
Missing character: There is no 必 in font nullfont!
Missing character: There is no 須 in font nullfont!
Missing character: There is no 改 in font nullfont!
Missing character: There is no 變 in font nullfont!
Missing character: There is no 決 in font nullfont!
Missing character: There is no 策 in font nullfont!
Missing character: There is no ， in font nullfont!
Missing character: There is no 這 in font nullfont!
Missing character: There is no 也 in font nullfont!
Missing character: There is no 讓 in font nullfont!
Missing character: There is no 每 in font nullfont!
Missing character: There is no 次 in font nullfont!
Missing character: There is no 遊 in font nullfont!
Missing character: There is no 玩 in font nullfont!
Missing character: There is no 的 in font nullfont!
Missing character: There is no 體 in font nullfont!
Missing character: There is no 驗 in font nullfont!
Missing character: There is no 都 in font nullfont!
Missing character: There is no 不 in font nullfont!
Missing character: There is no 盡 in font nullfont!
Missing character: There is no 相 in font nullfont!
Missing character: There is no 同 in font nullfont!
Missing character: There is no 。 in font nullfont!
Missing character: There is no 因 in font nullfont!
Missing character: There is no 此 in font nullfont!
Missing character: There is no ， in font nullfont!
Missing character: There is no 本 in font nullfont!
Missing character: There is no 論 in font nullfont!
Missing character: There is no 文 in font nullfont!
Missing character: There is no 的 in font nullfont!
Missing character: There is no 主 in font nullfont!
Missing character: There is no 要 in font nullfont!
Missing character: There is no 目 in font nullfont!
Missing character: There is no 的 in font nullfont!
Missing character: There is no 為 in font nullfont!
Missing character: There is no ， in font nullfont!
Missing character: There is no 提 in font nullfont!
Missing character: There is no 出 in font nullfont!
Missing character: There is no 了 in font nullfont!
Missing character: There is no 一 in font nullfont!
Missing character: There is no 套 in font nullfont!
Missing character: There is no 針 in font nullfont!
Missing character: There is no 對 in font nullfont!
Missing character: There is no F in font nullfont!
Missing character: There is no a in font nullfont!
Missing character: There is no r in font nullfont!
Missing character: There is no m in font nullfont!
Missing character: There is no i in font nullfont!
Missing character: There is no n in font nullfont!
Missing character: There is no g in font nullfont!
Missing character: There is no 類 in font nullfont!
Missing character: There is no 型 in font nullfont!
Missing character: There is no 的 in font nullfont!
Missing character: There is no 三 in font nullfont!
Missing character: There is no 消 in font nullfont!
Missing character: There is no 遊 in font nullfont!
Missing character: There is no 戲 in font nullfont!
Missing character: There is no 關 in font nullfont!
Missing character: There is no 卡 in font nullfont!
Missing character: There is no 體 in font nullfont!
Missing character: There is no 驗 in font nullfont!
Missing character: There is no 編 in font nullfont!
Missing character: There is no 輯 in font nullfont!
Missing character: There is no 系 in font nullfont!
Missing character: There is no 統 in font nullfont!
Missing character: There is no ， in font nullfont!
Missing character: There is no 使 in font nullfont!
Missing character: There is no 得 in font nullfont!
Missing character: There is no 關 in font nullfont!
Missing character: There is no 卡 in font nullfont!
Missing character: There is no 設 in font nullfont!
Missing character: There is no 計 in font nullfont!
Missing character: There is no 師 in font nullfont!
Missing character: There is no 能 in font nullfont!
Missing character: There is no 夠 in font nullfont!
Missing character: There is no 更 in font nullfont!
Missing character: There is no 加 in font nullfont!
Missing character: There is no 直 in font nullfont!
Missing character: There is no 覺 in font nullfont!
Missing character: There is no 和 in font nullfont!
Missing character: There is no 輕 in font nullfont!
Missing character: There is no 鬆 in font nullfont!
Missing character: There is no 地 in font nullfont!
Missing character: There is no 調 in font nullfont!
Missing character: There is no 整 in font nullfont!
Missing character: There is no 各 in font nullfont!
Missing character: There is no 類 in font nullfont!
Missing character: There is no 型 in font nullfont!
Missing character: There is no 棋 in font nullfont!
Missing character: There is no 子 in font nullfont!
Missing character: There is no 的 in font nullfont!
Missing character: There is no 生 in font nullfont!
Missing character: There is no 成 in font nullfont!
Missing character: There is no 機 in font nullfont!
Missing character: There is no 率 in font nullfont!
Missing character: There is no ， in font nullfont!
Missing character: There is no 控 in font nullfont!
Missing character: There is no 制 in font nullfont!
Missing character: There is no 玩 in font nullfont!
Missing character: There is no 家 in font nullfont!
Missing character: There is no 的 in font nullfont!
Missing character: There is no 遊 in font nullfont!
Missing character: There is no 戲 in font nullfont!
Missing character: There is no 體 in font nullfont!
Missing character: There is no 驗 in font nullfont!
Missing character: There is no 。 in font nullfont!

Overfull \hbox (20.0pt too wide) in paragraph at lines 6--7
[] 
 []


! LaTeX Error: Missing \begin{document}.

See the LaTeX manual or LaTeX Companion for explanation.
Type  H <return>  for immediate help.
 ...                                              
                                                  
l.8 此
     三消遊戲關卡體驗編輯系統中，使用三項調整因子：參考區域、修正係數與控制盤數，來調整各類型棋子的生成機率；在提供給使用者操作的體驗編輯系統上則分...

You're in trouble here.  Try typing  <return>  to proceed.
If that doesn't work, type  X <return>  to quit.

Missing character: There is no 此 in font nullfont!
Missing character: There is no 三 in font nullfont!
Missing character: There is no 消 in font nullfont!
Missing character: There is no 遊 in font nullfont!
Missing character: There is no 戲 in font nullfont!
Missing character: There is no 關 in font nullfont!
Missing character: There is no 卡 in font nullfont!
Missing character: There is no 體 in font nullfont!
Missing character: There is no 驗 in font nullfont!
Missing character: There is no 編 in font nullfont!
Missing character: There is no 輯 in font nullfont!
Missing character: There is no 系 in font nullfont!
Missing character: There is no 統 in font nullfont!
Missing character: There is no 中 in font nullfont!
Missing character: There is no ， in font nullfont!
Missing character: There is no 使 in font nullfont!
Missing character: There is no 用 in font nullfont!
Missing character: There is no 三 in font nullfont!
Missing character: There is no 項 in font nullfont!
Missing character: There is no 調 in font nullfont!
Missing character: There is no 整 in font nullfont!
Missing character: There is no 因 in font nullfont!
Missing character: There is no 子 in font nullfont!
Missing character: There is no ： in font nullfont!
Missing character: There is no 參 in font nullfont!
Missing character: There is no 考 in font nullfont!
Missing character: There is no 區 in font nullfont!
Missing character: There is no 域 in font nullfont!
Missing character: There is no 、 in font nullfont!
Missing character: There is no 修 in font nullfont!
Missing character: There is no 正 in font nullfont!
Missing character: There is no 係 in font nullfont!
Missing character: There is no 數 in font nullfont!
Missing character: There is no 與 in font nullfont!
Missing character: There is no 控 in font nullfont!
Missing character: There is no 制 in font nullfont!
Missing character: There is no 盤 in font nullfont!
Missing character: There is no 數 in font nullfont!
Missing character: There is no ， in font nullfont!
Missing character: There is no 來 in font nullfont!
Missing character: There is no 調 in font nullfont!
Missing character: There is no 整 in font nullfont!
Missing character: There is no 各 in font nullfont!
Missing character: There is no 類 in font nullfont!
Missing character: There is no 型 in font nullfont!
Missing character: There is no 棋 in font nullfont!
Missing character: There is no 子 in font nullfont!
Missing character: There is no 的 in font nullfont!
Missing character: There is no 生 in font nullfont!
Missing character: There is no 成 in font nullfont!
Missing character: There is no 機 in font nullfont!
Missing character: There is no 率 in font nullfont!
Missing character: There is no ； in font nullfont!
Missing character: There is no 在 in font nullfont!
Missing character: There is no 提 in font nullfont!
Missing character: There is no 供 in font nullfont!
Missing character: There is no 給 in font nullfont!
Missing character: There is no 使 in font nullfont!
Missing character: There is no 用 in font nullfont!
Missing character: There is no 者 in font nullfont!
Missing character: There is no 操 in font nullfont!
Missing character: There is no 作 in font nullfont!
Missing character: There is no 的 in font nullfont!
Missing character: There is no 體 in font nullfont!
Missing character: There is no 驗 in font nullfont!
Missing character: There is no 編 in font nullfont!
Missing character: There is no 輯 in font nullfont!
Missing character: There is no 系 in font nullfont!
Missing character: There is no 統 in font nullfont!
Missing character: There is no 上 in font nullfont!
Missing character: There is no 則 in font nullfont!
Missing character: There is no 分 in font nullfont!
Missing character: There is no 為 in font nullfont!
Missing character: There is no 兩 in font nullfont!
Missing character: There is no 個 in font nullfont!
Missing character: There is no 部 in font nullfont!
Missing character: There is no 分 in font nullfont!
Missing character: There is no ， in font nullfont!
Missing character: There is no 如 in font nullfont!
Missing character: There is no 圖 in font nullfont!
! Undefined control sequence.
<write> ...evelExperienceEditor' on page \thepage 
                                                  \space undefined\on@line .^^J
l.8 ...個部分，如圖~\ref{fig:ImageLevelExperienceEditor}
                                                  ：參考區域編輯器與關卡體驗編輯器。首先，使用者先至參...
The control sequence at the end of the top line
of your error message was never \def'ed. If you have
misspelled it (e.g., `\hobx'), type `I' and the correct
spelling (e.g., `I\hbox'). Otherwise just continue,
and I'll forget about whatever was undefined.


LaTeX Warning: Reference `fig:ImageLevelExperienceEditor' on page  undefined on
 input line 8.

Missing character: There is no ： in font nullfont!
Missing character: There is no 參 in font nullfont!
Missing character: There is no 考 in font nullfont!
Missing character: There is no 區 in font nullfont!
Missing character: There is no 域 in font nullfont!
Missing character: There is no 編 in font nullfont!
Missing character: There is no 輯 in font nullfont!
Missing character: There is no 器 in font nullfont!
Missing character: There is no 與 in font nullfont!
Missing character: There is no 關 in font nullfont!
Missing character: There is no 卡 in font nullfont!
Missing character: There is no 體 in font nullfont!
Missing character: There is no 驗 in font nullfont!
Missing character: There is no 編 in font nullfont!
Missing character: There is no 輯 in font nullfont!
Missing character: There is no 器 in font nullfont!
Missing character: There is no 。 in font nullfont!
Missing character: There is no 首 in font nullfont!
Missing character: There is no 先 in font nullfont!
Missing character: There is no ， in font nullfont!
Missing character: There is no 使 in font nullfont!
Missing character: There is no 用 in font nullfont!
Missing character: There is no 者 in font nullfont!
Missing character: There is no 先 in font nullfont!
Missing character: There is no 至 in font nullfont!
Missing character: There is no 參 in font nullfont!
Missing character: There is no 考 in font nullfont!
Missing character: There is no 區 in font nullfont!
Missing character: There is no 域 in font nullfont!
Missing character: There is no 編 in font nullfont!
Missing character: There is no 輯 in font nullfont!
Missing character: There is no 器 in font nullfont!
Missing character: There is no 設 in font nullfont!
Missing character: There is no 計 in font nullfont!
Missing character: There is no 參 in font nullfont!
Missing character: There is no 考 in font nullfont!
Missing character: There is no 區 in font nullfont!
Missing character: There is no 域 in font nullfont!
Missing character: There is no 後 in font nullfont!
Missing character: There is no ， in font nullfont!
Missing character: There is no 再 in font nullfont!
Missing character: There is no 至 in font nullfont!
Missing character: There is no 關 in font nullfont!
Missing character: There is no 卡 in font nullfont!
Missing character: There is no 體 in font nullfont!
Missing character: There is no 驗 in font nullfont!
Missing character: There is no 編 in font nullfont!
Missing character: There is no 輯 in font nullfont!
Missing character: There is no 器 in font nullfont!
Missing character: There is no 設 in font nullfont!
Missing character: There is no 定 in font nullfont!
Missing character: There is no 關 in font nullfont!
Missing character: There is no 卡 in font nullfont!
Missing character: There is no 的 in font nullfont!
Missing character: There is no 基 in font nullfont!
Missing character: There is no 本 in font nullfont!
Missing character: There is no 資 in font nullfont!
Missing character: There is no 訊 in font nullfont!
Missing character: There is no ， in font nullfont!
Missing character: There is no 並 in font nullfont!
Missing character: There is no 規 in font nullfont!
Missing character: There is no 劃 in font nullfont!
Missing character: There is no 每 in font nullfont!
Missing character: There is no 一 in font nullfont!
Missing character: There is no 步 in font nullfont!
Missing character: There is no 的 in font nullfont!
Missing character: There is no 調 in font nullfont!
Missing character: There is no 整 in font nullfont!
Missing character: There is no 因 in font nullfont!
Missing character: There is no 子 in font nullfont!
Missing character: There is no 。 in font nullfont!
Missing character: There is no 當 in font nullfont!
Missing character: There is no 遊 in font nullfont!
Missing character: There is no 戲 in font nullfont!
Missing character: There is no 過 in font nullfont!
Missing character: There is no 程 in font nullfont!
Missing character: There is no 中 in font nullfont!
Missing character: There is no 需 in font nullfont!
Missing character: There is no 要 in font nullfont!
Missing character: There is no 生 in font nullfont!
Missing character: There is no 成 in font nullfont!
Missing character: There is no 棋 in font nullfont!
Missing character: There is no 子 in font nullfont!
Missing character: There is no 填 in font nullfont!
Missing character: There is no 補 in font nullfont!
Missing character: There is no 盤 in font nullfont!
Missing character: There is no 面 in font nullfont!
Missing character: There is no 上 in font nullfont!
Missing character: There is no 的 in font nullfont!
Missing character: There is no 空 in font nullfont!
Missing character: There is no 單 in font nullfont!
Missing character: There is no 元 in font nullfont!
Missing character: There is no 格 in font nullfont!
Missing character: There is no 時 in font nullfont!
Missing character: There is no ， in font nullfont!
Missing character: There is no 遊 in font nullfont!
Missing character: There is no 戲 in font nullfont!
Missing character: There is no 系 in font nullfont!
Missing character: There is no 統 in font nullfont!
Missing character: There is no 便 in font nullfont!
Missing character: There is no 會 in font nullfont!
Missing character: There is no 調 in font nullfont!
Missing character: There is no 用 in font nullfont!
Missing character: There is no 使 in font nullfont!
Missing character: There is no 用 in font nullfont!
Missing character: There is no 者 in font nullfont!
Missing character: There is no 設 in font nullfont!
Missing character: There is no 定 in font nullfont!
Missing character: There is no 的 in font nullfont!
Missing character: There is no 調 in font nullfont!
Missing character: There is no 整 in font nullfont!
Missing character: There is no 因 in font nullfont!
Missing character: There is no 子 in font nullfont!
Missing character: There is no 與 in font nullfont!
Missing character: There is no 當 in font nullfont!
Missing character: There is no 下 in font nullfont!
Missing character: There is no 盤 in font nullfont!
Missing character: There is no 面 in font nullfont!
Missing character: There is no 狀 in font nullfont!
Missing character: There is no 態 in font nullfont!
Missing character: There is no ， in font nullfont!
Missing character: There is no 計 in font nullfont!
Missing character: There is no 算 in font nullfont!
Missing character: There is no 該 in font nullfont!
Missing character: There is no 單 in font nullfont!
Missing character: There is no 元 in font nullfont!
Missing character: There is no 格 in font nullfont!
Missing character: There is no 的 in font nullfont!
Missing character: There is no 各 in font nullfont!
Missing character: There is no 類 in font nullfont!
Missing character: There is no 棋 in font nullfont!
Missing character: There is no 子 in font nullfont!
Missing character: There is no 生 in font nullfont!
Missing character: There is no 成 in font nullfont!
Missing character: There is no 機 in font nullfont!
Missing character: There is no 率 in font nullfont!
Missing character: There is no ， in font nullfont!
Missing character: There is no 使 in font nullfont!
Missing character: There is no 得 in font nullfont!
Missing character: There is no 依 in font nullfont!
Missing character: There is no 此 in font nullfont!
Missing character: There is no 機 in font nullfont!
Missing character: There is no 率 in font nullfont!
Missing character: There is no 決 in font nullfont!
Missing character: There is no 定 in font nullfont!
Missing character: There is no 出 in font nullfont!
Missing character: There is no 的 in font nullfont!
Missing character: There is no 棋 in font nullfont!
Missing character: There is no 子 in font nullfont!
Missing character: There is no 類 in font nullfont!
Missing character: There is no 型 in font nullfont!
Missing character: There is no ， in font nullfont!
Missing character: There is no 能 in font nullfont!
Missing character: There is no 將 in font nullfont!
Missing character: There is no 盤 in font nullfont!
Missing character: There is no 面 in font nullfont!
Missing character: There is no 發 in font nullfont!
Missing character: There is no 展 in font nullfont!
Missing character: There is no 帶 in font nullfont!
Missing character: There is no 向 in font nullfont!
Missing character: There is no 使 in font nullfont!
Missing character: There is no 用 in font nullfont!
Missing character: There is no 者 in font nullfont!
Missing character: There is no 欲 in font nullfont!
Missing character: There is no 給 in font nullfont!
Missing character: There is no 玩 in font nullfont!
Missing character: There is no 家 in font nullfont!
Missing character: There is no 的 in font nullfont!
Missing character: There is no 目 in font nullfont!
Missing character: There is no 標 in font nullfont!
Missing character: There is no 體 in font nullfont!
Missing character: There is no 驗 in font nullfont!
Missing character: There is no 。 in font nullfont!

Overfull \hbox (30.86pt too wide) in paragraph at lines 8--9
[] [] 
 []


! LaTeX Error: Environment figure undefined.

See the LaTeX manual or LaTeX Companion for explanation.
Type  H <return>  for immediate help.
 ...                                              
                                                  
l.10 \begin{figure}
                   [h]
Your command was ignored.
Type  I <command> <return>  to replace it with another command,
or  <return>  to continue without it.


! LaTeX Error: Missing \begin{document}.

See the LaTeX manual or LaTeX Companion for explanation.
Type  H <return>  for immediate help.
 ...                                              
                                                  
l.10 \begin{figure}[
                    h]
You're in trouble here.  Try typing  <return>  to proceed.
If that doesn't work, type  X <return>  to quit.

Missing character: There is no [ in font nullfont!
Missing character: There is no h in font nullfont!
Missing character: There is no ] in font nullfont!

Overfull \hbox (20.0pt too wide) in paragraph at lines 10--11
[] 
 []

! Undefined control sequence.
l.12     \includegraphics
                         [width=1\textwidth]{figures/Image_LevelExperienceEd...
The control sequence at the end of the top line
of your error message was never \def'ed. If you have
misspelled it (e.g., `\hobx'), type `I' and the correct
spelling (e.g., `I\hbox'). Otherwise just continue,
and I'll forget about whatever was undefined.

Missing character: There is no [ in font nullfont!
Missing character: There is no w in font nullfont!
Missing character: There is no i in font nullfont!
Missing character: There is no d in font nullfont!
Missing character: There is no t in font nullfont!
Missing character: There is no h in font nullfont!
Missing character: There is no = in font nullfont!
Missing character: There is no 1 in font nullfont!
! Missing number, treated as zero.
<to be read again> 
                   ]
l.12     \includegraphics[width=1\textwidth]
                                            {figures/Image_LevelExperienceEd...
A number should have been here; I inserted `0'.
(If you can't figure out why I needed to see a number,
look up `weird error' in the index to The TeXbook.)

! Illegal unit of measure (pt inserted).
<to be read again> 
                   ]
l.12     \includegraphics[width=1\textwidth]
                                            {figures/Image_LevelExperienceEd...
Dimensions can be in units of em, ex, in, pt, pc,
cm, mm, dd, cc, bp, or sp; but yours is a new one!
I'll assume that you meant to say pt, for printer's points.
To recover gracefully from this error, it's best to
delete the erroneous units; e.g., type `2' to delete
two letters. (See Chapter 27 of The TeXbook.)

Missing character: There is no ] in font nullfont!
Missing character: There is no f in font nullfont!
Missing character: There is no i in font nullfont!
Missing character: There is no g in font nullfont!
Missing character: There is no u in font nullfont!
Missing character: There is no r in font nullfont!
Missing character: There is no e in font nullfont!
Missing character: There is no s in font nullfont!
Missing character: There is no / in font nullfont!
Missing character: There is no I in font nullfont!
Missing character: There is no m in font nullfont!
Missing character: There is no a in font nullfont!
Missing character: There is no g in font nullfont!
Missing character: There is no e in font nullfont!
! Missing $ inserted.
<inserted text> 
                $
l.12 ...graphics[width=1\textwidth]{figures/Image_
                                                  LevelExperienceEditor.pdf}
I've inserted a begin-math/end-math symbol since I think
you left one out. Proceed, with fingers crossed.

LaTeX Font Info:    External font `cmex10' loaded for size
(Font)              <7> on input line 12.
LaTeX Font Info:    External font `cmex10' loaded for size
(Font)              <5> on input line 12.
! Extra }, or forgotten $.
l.12 ...]{figures/Image_LevelExperienceEditor.pdf}
                                                  
I've deleted a group-closing symbol because it seems to be
spurious, as in `$x}$'. But perhaps the } is legitimate and
you forgot something else, as in `\hbox{$x}'. In such cases
the way to recover is to insert both the forgotten and the
deleted material, e.g., by typing `I$}'.


! LaTeX Error: \caption outside float.

See the LaTeX manual or LaTeX Companion for explanation.
Type  H <return>  for immediate help.
 ...                                              
                                                  
l.13     \caption
                 {本論文之三消遊戲關卡體驗編輯系統示意圖}
You're in trouble here.  Try typing  <return>  to proceed.
If that doesn't work, type  X <return>  to quit.


! LaTeX Error: Command \end{center} invalid in math mode.

See the LaTeX manual or LaTeX Companion for explanation.
Type  H <return>  for immediate help.
 ...                                              
                                                  
l.15   \end{center}
                   
Try typing  <return>  to proceed.
If that doesn't work, type  X <return>  to quit.


! LaTeX Error: Something's wrong--perhaps a missing \item.

See the LaTeX manual or LaTeX Companion for explanation.
Type  H <return>  for immediate help.
 ...                                              
                                                  
l.15   \end{center}
                   
Try typing  <return>  to proceed.
If that doesn't work, type  X <return>  to quit.


! LaTeX Error: Something's wrong--perhaps a missing \item.

See the LaTeX manual or LaTeX Companion for explanation.
Type  H <return>  for immediate help.
 ...                                              
                                                  
l.15   \end{center}
                   
Try typing  <return>  to proceed.
If that doesn't work, type  X <return>  to quit.

! Missing $ inserted.
<inserted text> 
                $
l.15   \end{center}
                   
I've inserted something that you may have forgotten.
(See the <inserted text> above.)
With luck, this will get me unwedged. But if you
really didn't forget anything, try typing `2' now; then
my insertion and my current dilemma will both disappear.

Missing character: There is no 本 in font cmr10!
Missing character: There is no 論 in font cmr10!
Missing character: There is no 文 in font cmr10!
Missing character: There is no 之 in font cmr10!
Missing character: There is no 三 in font cmr10!
Missing character: There is no 消 in font cmr10!
Missing character: There is no 遊 in font cmr10!
Missing character: There is no 戲 in font cmr10!
Missing character: There is no 關 in font cmr10!
Missing character: There is no 卡 in font cmr10!
Missing character: There is no 體 in font cmr10!
Missing character: There is no 驗 in font cmr10!
Missing character: There is no 編 in font cmr10!
Missing character: There is no 輯 in font cmr10!
Missing character: There is no 系 in font cmr10!
Missing character: There is no 統 in font cmr10!
Missing character: There is no 示 in font cmr10!
Missing character: There is no 意 in font cmr10!
Missing character: There is no 圖 in font cmr10!
! Missing } inserted.
<inserted text> 
                }
l.15   \end{center}
                   
I've inserted something that you may have forgotten.
(See the <inserted text> above.)
With luck, this will get me unwedged. But if you
really didn't forget anything, try typing `2' now; then
my insertion and my current dilemma will both disappear.


! LaTeX Error: \begin{document} ended by \end{figure}.

See the LaTeX manual or LaTeX Companion for explanation.
Type  H <return>  for immediate help.
 ...                                              
                                                  
l.16 \end{figure}
                 
Your command was ignored.
Type  I <command> <return>  to replace it with another command,
or  <return>  to continue without it.


Overfull \hbox (121.54324pt too wide) in paragraph at lines 12--17
[]\OML/cmm/m/it/10 evelExperienceEditor:pdf[][]$
 []

! Undefined control sequence.
l.25 \section
             {參考區域}
The control sequence at the end of the top line
of your error message was never \def'ed. If you have
misspelled it (e.g., `\hobx'), type `I' and the correct
spelling (e.g., `I\hbox'). Otherwise just continue,
and I'll forget about whatever was undefined.

Missing character: There is no 參 in font nullfont!
Missing character: There is no 考 in font nullfont!
Missing character: There is no 區 in font nullfont!
Missing character: There is no 域 in font nullfont!

Overfull \hbox (20.0pt too wide) in paragraph at lines 25--26
[] 
 []

! Undefined control sequence.
l.27 \section
             {修正係數}
The control sequence at the end of the top line
of your error message was never \def'ed. If you have
misspelled it (e.g., `\hobx'), type `I' and the correct
spelling (e.g., `I\hbox'). Otherwise just continue,
and I'll forget about whatever was undefined.

Missing character: There is no 修 in font nullfont!
Missing character: There is no 正 in font nullfont!
Missing character: There is no 係 in font nullfont!
Missing character: There is no 數 in font nullfont!

Overfull \hbox (20.0pt too wide) in paragraph at lines 27--28
[] 
 []

! Undefined control sequence.
l.29 \section
             {控制盤數}
The control sequence at the end of the top line
of your error message was never \def'ed. If you have
misspelled it (e.g., `\hobx'), type `I' and the correct
spelling (e.g., `I\hbox'). Otherwise just continue,
and I'll forget about whatever was undefined.

Missing character: There is no 控 in font nullfont!
Missing character: There is no 制 in font nullfont!
Missing character: There is no 盤 in font nullfont!
Missing character: There is no 數 in font nullfont!
)
! Emergency stop.
<*> ./method.tex
                
*** (job aborted, no legal \end found)

 
Here is how much of TeX's memory you used:
 17 strings out of 427769
 294 string characters out of 3146641
 63491 words of memory out of 3000000
 4137 multiletter control sequences out of 15000+200000
 3656 words of font info for 16 fonts, out of 3000000 for 9000
 1328 hyphenation exceptions out of 8191
 18i,2n,16p,338b,105s stack positions out of 5000i,500n,10000p,200000b,50000s
No pages of output.
